[2024-05-07 10:04:35,833] torch.distributed.run: [WARNING] master_addr is only used for static rdzv_backend and when rdzv_endpoint is not specified.
[2024-05-07 10:04:35,833] torch.distributed.run: [WARNING] 
[2024-05-07 10:04:35,833] torch.distributed.run: [WARNING] *****************************************
[2024-05-07 10:04:35,833] torch.distributed.run: [WARNING] Setting OMP_NUM_THREADS environment variable for each process to be 1 in default, to avoid your system being overloaded, please further tune the variable for optimal performance in your application as needed. 
[2024-05-07 10:04:35,833] torch.distributed.run: [WARNING] *****************************************
====================initialize the distributed env====================
Loading checkpoint shards:   0%|          | 0/2 [00:00<?, ?it/s]Loading checkpoint shards:   0%|          | 0/2 [00:00<?, ?it/s]Loading checkpoint shards:   0%|          | 0/2 [00:00<?, ?it/s]Loading checkpoint shards:   0%|          | 0/2 [00:00<?, ?it/s]Loading checkpoint shards:  50%|█████     | 1/2 [00:35<00:35, 35.29s/it]Loading checkpoint shards:  50%|█████     | 1/2 [00:33<00:33, 33.88s/it]Loading checkpoint shards:  50%|█████     | 1/2 [00:34<00:34, 34.10s/it]Loading checkpoint shards:  50%|█████     | 1/2 [00:34<00:34, 34.11s/it]Loading checkpoint shards: 100%|██████████| 2/2 [00:45<00:00, 20.89s/it]Loading checkpoint shards: 100%|██████████| 2/2 [00:45<00:00, 22.88s/it]
Loading checkpoint shards: 100%|██████████| 2/2 [00:45<00:00, 20.97s/it]Loading checkpoint shards: 100%|██████████| 2/2 [00:45<00:00, 22.91s/it]
Loading checkpoint shards: 100%|██████████| 2/2 [00:47<00:00, 21.82s/it]Loading checkpoint shards: 100%|██████████| 2/2 [00:47<00:00, 23.84s/it]
Loading checkpoint shards: 100%|██████████| 2/2 [00:46<00:00, 21.08s/it]Loading checkpoint shards: 100%|██████████| 2/2 [00:46<00:00, 23.03s/it]
====================get the model with lora====================
trainable params: 4,194,304 || all params: 6,742,609,920 || trainable%: 0.06220594176090199
You're using a LlamaTokenizerFast tokenizer. Please note that with a fast tokenizer, using the `__call__` method is faster than using a method to encode the text followed by a call to the `pad` method to get a padded encoding.
You're using a LlamaTokenizerFast tokenizer. Please note that with a fast tokenizer, using the `__call__` method is faster than using a method to encode the text followed by a call to the `pad` method to get a padded encoding.
====================get the dataset====================
You're using a LlamaTokenizerFast tokenizer. Please note that with a fast tokenizer, using the `__call__` method is faster than using a method to encode the text followed by a call to the `pad` method to get a padded encoding.
====================get the dataloader====================
====================start train====================
You're using a LlamaTokenizerFast tokenizer. Please note that with a fast tokenizer, using the `__call__` method is faster than using a method to encode the text followed by a call to the `pad` method to get a padded encoding.
Step: 1	 Data: torch.Size([10, 384])	 Training Loss: 1.0653092861175537
Step: 2	 Data: torch.Size([10, 384])	 Training Loss: 1.0275700092315674
Step: 3	 Data: torch.Size([10, 384])	 Training Loss: 0.9645363688468933
Step: 4	 Data: torch.Size([10, 384])	 Training Loss: 1.1947911977767944
Step: 5	 Data: torch.Size([10, 384])	 Training Loss: 1.2679256200790405
Step: 6	 Data: torch.Size([10, 302])	 Training Loss: 1.2404818534851074
Step: 7	 Data: torch.Size([10, 384])	 Training Loss: 1.218109130859375
Step: 8	 Data: torch.Size([10, 384])	 Training Loss: 1.1050101518630981
Step: 9	 Data: torch.Size([10, 384])	 Training Loss: 1.111694097518921
Step: 10	 Data: torch.Size([10, 384])	 Training Loss: 1.0324941873550415
Step: 11	 Data: torch.Size([10, 384])	 Training Loss: 1.379587173461914
Step: 12	 Data: torch.Size([10, 319])	 Training Loss: 1.1885292530059814
Step: 13	 Data: torch.Size([10, 384])	 Training Loss: 1.1888418197631836
Step: 14	 Data: torch.Size([10, 384])	 Training Loss: 0.9834969639778137
Step: 15	 Data: torch.Size([10, 384])	 Training Loss: 0.9870606064796448
Step: 16	 Data: torch.Size([10, 384])	 Training Loss: 1.2157046794891357
Step: 17	 Data: torch.Size([10, 384])	 Training Loss: 1.1383748054504395
Step: 18	 Data: torch.Size([10, 384])	 Training Loss: 1.1939932107925415
Step: 19	 Data: torch.Size([10, 384])	 Training Loss: 1.1201837062835693
Step: 20	 Data: torch.Size([10, 384])	 Training Loss: 1.1211810111999512
Step: 21	 Data: torch.Size([10, 384])	 Training Loss: 1.2382088899612427
Step: 22	 Data: torch.Size([10, 384])	 Training Loss: 1.0431723594665527
Step: 23	 Data: torch.Size([10, 384])	 Training Loss: 1.1454559564590454
Step: 24	 Data: torch.Size([10, 384])	 Training Loss: 1.0703779458999634
Step: 25	 Data: torch.Size([10, 384])	 Training Loss: 1.1490579843521118
Step: 26	 Data: torch.Size([10, 384])	 Training Loss: 1.0755833387374878
Step: 27	 Data: torch.Size([10, 384])	 Training Loss: 1.3535747528076172
Step: 28	 Data: torch.Size([10, 384])	 Training Loss: 1.1395699977874756
Step: 29	 Data: torch.Size([10, 384])	 Training Loss: 1.108491063117981
Step: 30	 Data: torch.Size([10, 384])	 Training Loss: 1.1486564874649048
Step: 31	 Data: torch.Size([10, 384])	 Training Loss: 0.9739834070205688
Step: 32	 Data: torch.Size([10, 384])	 Training Loss: 1.0474460124969482
Step: 33	 Data: torch.Size([10, 384])	 Training Loss: 1.016071081161499
Step: 34	 Data: torch.Size([10, 384])	 Training Loss: 1.127720832824707
Step: 35	 Data: torch.Size([10, 384])	 Training Loss: 1.165537714958191
Step: 36	 Data: torch.Size([10, 384])	 Training Loss: 0.9596759080886841
Step: 37	 Data: torch.Size([10, 384])	 Training Loss: 1.1569066047668457
Step: 38	 Data: torch.Size([10, 384])	 Training Loss: 1.4486608505249023
Step: 39	 Data: torch.Size([10, 384])	 Training Loss: 1.2810888290405273
Step: 40	 Data: torch.Size([10, 384])	 Training Loss: 1.1219226121902466
Step: 41	 Data: torch.Size([10, 384])	 Training Loss: 1.1396815776824951
Step: 42	 Data: torch.Size([10, 384])	 Training Loss: 1.0314836502075195
Step: 43	 Data: torch.Size([10, 384])	 Training Loss: 1.13266122341156
Step: 44	 Data: torch.Size([10, 384])	 Training Loss: 0.9799376726150513
Step: 45	 Data: torch.Size([10, 384])	 Training Loss: 0.9359850883483887
Step: 46	 Data: torch.Size([10, 384])	 Training Loss: 1.1546988487243652
Step: 47	 Data: torch.Size([10, 384])	 Training Loss: 1.262866497039795
Step: 48	 Data: torch.Size([10, 384])	 Training Loss: 0.9964131116867065
Step: 49	 Data: torch.Size([10, 384])	 Training Loss: 1.0213549137115479
Step: 50	 Data: torch.Size([10, 384])	 Training Loss: 1.040657877922058
Step: 51	 Data: torch.Size([10, 384])	 Training Loss: 0.9524000287055969
Step: 52	 Data: torch.Size([10, 384])	 Training Loss: 0.9497377872467041
Step: 53	 Data: torch.Size([10, 384])	 Training Loss: 1.0069000720977783
Step: 54	 Data: torch.Size([10, 384])	 Training Loss: 1.073856234550476
Step: 55	 Data: torch.Size([10, 384])	 Training Loss: 1.304439663887024
Step: 56	 Data: torch.Size([10, 384])	 Training Loss: 1.2125509977340698
Step: 57	 Data: torch.Size([10, 384])	 Training Loss: 1.0339417457580566
Step: 58	 Data: torch.Size([10, 384])	 Training Loss: 1.2175629138946533
Step: 59	 Data: torch.Size([10, 384])	 Training Loss: 1.0519583225250244
Step: 60	 Data: torch.Size([10, 384])	 Training Loss: 1.0882612466812134
Step: 61	 Data: torch.Size([10, 384])	 Training Loss: 0.9808132648468018
Step: 62	 Data: torch.Size([10, 384])	 Training Loss: 0.9760019183158875
Step: 63	 Data: torch.Size([10, 384])	 Training Loss: 0.9668496251106262
Step: 64	 Data: torch.Size([10, 384])	 Training Loss: 1.046754240989685
Step: 65	 Data: torch.Size([10, 384])	 Training Loss: 1.0266835689544678
Step: 66	 Data: torch.Size([10, 384])	 Training Loss: 1.1359515190124512
Step: 67	 Data: torch.Size([10, 384])	 Training Loss: 0.9632062911987305
Step: 68	 Data: torch.Size([10, 384])	 Training Loss: 1.02460515499115
Step: 69	 Data: torch.Size([10, 384])	 Training Loss: 1.11049485206604
Step: 70	 Data: torch.Size([10, 384])	 Training Loss: 1.0397878885269165
Step: 71	 Data: torch.Size([10, 384])	 Training Loss: 1.0148805379867554
Step: 72	 Data: torch.Size([10, 384])	 Training Loss: 0.9325696229934692
Step: 73	 Data: torch.Size([10, 384])	 Training Loss: 0.9259145259857178
Step: 74	 Data: torch.Size([10, 384])	 Training Loss: 0.9460968375205994
Step: 75	 Data: torch.Size([10, 384])	 Training Loss: 1.1150470972061157
Step: 76	 Data: torch.Size([10, 384])	 Training Loss: 0.9121653437614441
Step: 77	 Data: torch.Size([10, 384])	 Training Loss: 1.053065538406372
Step: 78	 Data: torch.Size([10, 384])	 Training Loss: 1.0549163818359375
Step: 79	 Data: torch.Size([10, 384])	 Training Loss: 1.2068824768066406
Step: 80	 Data: torch.Size([10, 384])	 Training Loss: 1.0093199014663696
Step: 81	 Data: torch.Size([10, 384])	 Training Loss: 1.037520408630371
Step: 82	 Data: torch.Size([10, 384])	 Training Loss: 1.0487723350524902
Step: 83	 Data: torch.Size([10, 384])	 Training Loss: 1.1295324563980103
Step: 84	 Data: torch.Size([10, 384])	 Training Loss: 1.0914584398269653
Step: 85	 Data: torch.Size([10, 384])	 Training Loss: 1.056920051574707
Step: 86	 Data: torch.Size([10, 384])	 Training Loss: 1.1893320083618164
Step: 87	 Data: torch.Size([10, 384])	 Training Loss: 1.0327204465866089
Step: 88	 Data: torch.Size([10, 384])	 Training Loss: 1.133302092552185
Step: 89	 Data: torch.Size([10, 384])	 Training Loss: 0.9637515544891357
Step: 90	 Data: torch.Size([10, 384])	 Training Loss: 1.1393728256225586
Step: 91	 Data: torch.Size([10, 384])	 Training Loss: 0.8945630788803101
Step: 92	 Data: torch.Size([10, 384])	 Training Loss: 0.9173897504806519
Step: 93	 Data: torch.Size([10, 384])	 Training Loss: 0.917461097240448
Step: 94	 Data: torch.Size([10, 384])	 Training Loss: 0.8539686799049377
Step: 95	 Data: torch.Size([10, 384])	 Training Loss: 0.9155102372169495
Step: 96	 Data: torch.Size([10, 384])	 Training Loss: 0.983923614025116
Step: 97	 Data: torch.Size([10, 384])	 Training Loss: 1.0016686916351318
Step: 98	 Data: torch.Size([10, 384])	 Training Loss: 1.127658486366272
Step: 99	 Data: torch.Size([10, 384])	 Training Loss: 0.9416326880455017
Step: 100	 Data: torch.Size([10, 384])	 Training Loss: 0.9721617102622986
Step: 101	 Data: torch.Size([10, 384])	 Training Loss: 1.061875581741333
Step: 102	 Data: torch.Size([10, 384])	 Training Loss: 1.040297508239746
Step: 103	 Data: torch.Size([10, 384])	 Training Loss: 0.9948005676269531
Step: 104	 Data: torch.Size([10, 384])	 Training Loss: 1.1163861751556396
Step: 105	 Data: torch.Size([10, 384])	 Training Loss: 1.0324058532714844
Step: 106	 Data: torch.Size([10, 384])	 Training Loss: 0.9667712450027466
Step: 107	 Data: torch.Size([10, 384])	 Training Loss: 1.023672342300415
Step: 108	 Data: torch.Size([10, 384])	 Training Loss: 0.8754774928092957
Step: 109	 Data: torch.Size([10, 384])	 Training Loss: 1.0684444904327393
Step: 110	 Data: torch.Size([10, 384])	 Training Loss: 1.0493319034576416
Step: 111	 Data: torch.Size([10, 384])	 Training Loss: 0.8510954976081848
Step: 112	 Data: torch.Size([10, 384])	 Training Loss: 1.0286332368850708
Step: 113	 Data: torch.Size([10, 384])	 Training Loss: 0.9668649435043335
Step: 114	 Data: torch.Size([10, 349])	 Training Loss: 0.9754417538642883
Step: 115	 Data: torch.Size([10, 384])	 Training Loss: 0.8174908757209778
Step: 116	 Data: torch.Size([10, 384])	 Training Loss: 0.9826014041900635
Step: 117	 Data: torch.Size([10, 384])	 Training Loss: 1.2594425678253174
Step: 118	 Data: torch.Size([10, 384])	 Training Loss: 0.887745201587677
Step: 119	 Data: torch.Size([10, 384])	 Training Loss: 0.9091585874557495
Step: 120	 Data: torch.Size([10, 384])	 Training Loss: 0.9298869371414185
Step: 121	 Data: torch.Size([10, 384])	 Training Loss: 0.9003760814666748
Step: 122	 Data: torch.Size([10, 384])	 Training Loss: 0.9951750040054321
Step: 123	 Data: torch.Size([10, 384])	 Training Loss: 0.9761509895324707
Step: 124	 Data: torch.Size([10, 384])	 Training Loss: 1.0373497009277344
Step: 125	 Data: torch.Size([10, 384])	 Training Loss: 1.0037603378295898
Step: 126	 Data: torch.Size([10, 384])	 Training Loss: 1.094967007637024
Step: 127	 Data: torch.Size([10, 384])	 Training Loss: 0.8969720602035522
Step: 128	 Data: torch.Size([10, 384])	 Training Loss: 0.8801288604736328
Step: 129	 Data: torch.Size([10, 384])	 Training Loss: 0.9625421166419983
Step: 130	 Data: torch.Size([10, 384])	 Training Loss: 0.8660708665847778
Step: 131	 Data: torch.Size([10, 384])	 Training Loss: 1.0262073278427124
Step: 132	 Data: torch.Size([10, 384])	 Training Loss: 0.9938664436340332
Step: 133	 Data: torch.Size([10, 384])	 Training Loss: 0.9571660757064819
Step: 134	 Data: torch.Size([10, 384])	 Training Loss: 0.8424417972564697
Step: 135	 Data: torch.Size([10, 384])	 Training Loss: 1.020455241203308
Step: 136	 Data: torch.Size([10, 384])	 Training Loss: 0.9098340272903442
Step: 137	 Data: torch.Size([10, 384])	 Training Loss: 1.01978600025177
Step: 138	 Data: torch.Size([10, 384])	 Training Loss: 0.9285261631011963
Step: 139	 Data: torch.Size([10, 384])	 Training Loss: 0.9896653294563293
Step: 140	 Data: torch.Size([10, 384])	 Training Loss: 0.9663571119308472
Step: 141	 Data: torch.Size([10, 384])	 Training Loss: 1.0442891120910645
Step: 142	 Data: torch.Size([10, 384])	 Training Loss: 1.0065312385559082
Step: 143	 Data: torch.Size([10, 384])	 Training Loss: 1.0332354307174683
Step: 144	 Data: torch.Size([10, 384])	 Training Loss: 1.0357595682144165
Step: 145	 Data: torch.Size([10, 384])	 Training Loss: 0.8779653906822205
Step: 146	 Data: torch.Size([10, 384])	 Training Loss: 0.8340570330619812
Step: 147	 Data: torch.Size([10, 384])	 Training Loss: 0.934872031211853
Step: 148	 Data: torch.Size([10, 384])	 Training Loss: 0.885305643081665
Step: 149	 Data: torch.Size([10, 384])	 Training Loss: 1.0878019332885742
Step: 150	 Data: torch.Size([10, 384])	 Training Loss: 0.8777526617050171
Step: 151	 Data: torch.Size([10, 384])	 Training Loss: 0.8219609260559082
Step: 152	 Data: torch.Size([10, 384])	 Training Loss: 0.947735071182251
Step: 153	 Data: torch.Size([10, 384])	 Training Loss: 1.147627830505371
Step: 154	 Data: torch.Size([10, 384])	 Training Loss: 0.8787004351615906
Step: 155	 Data: torch.Size([10, 384])	 Training Loss: 0.9867005348205566
Step: 156	 Data: torch.Size([10, 384])	 Training Loss: 0.9991992712020874
Step: 157	 Data: torch.Size([10, 384])	 Training Loss: 0.9322300553321838
Step: 158	 Data: torch.Size([10, 384])	 Training Loss: 0.8519431352615356
Step: 159	 Data: torch.Size([10, 384])	 Training Loss: 1.0738019943237305
Step: 160	 Data: torch.Size([10, 384])	 Training Loss: 1.0132670402526855
Step: 161	 Data: torch.Size([10, 384])	 Training Loss: 0.8923482298851013
Step: 162	 Data: torch.Size([10, 384])	 Training Loss: 0.909892737865448
Step: 163	 Data: torch.Size([10, 384])	 Training Loss: 0.952704668045044
Step: 164	 Data: torch.Size([10, 384])	 Training Loss: 0.8579403758049011
Step: 165	 Data: torch.Size([10, 384])	 Training Loss: 0.9314900636672974
Step: 166	 Data: torch.Size([10, 384])	 Training Loss: 1.0351330041885376
Step: 167	 Data: torch.Size([10, 384])	 Training Loss: 0.7825667858123779
Step: 168	 Data: torch.Size([10, 384])	 Training Loss: 0.9906100630760193
Step: 169	 Data: torch.Size([10, 384])	 Training Loss: 0.923085629940033
Step: 170	 Data: torch.Size([10, 384])	 Training Loss: 0.9175456762313843
Step: 171	 Data: torch.Size([10, 384])	 Training Loss: 0.9418798089027405
Step: 172	 Data: torch.Size([10, 384])	 Training Loss: 0.8873730301856995
Step: 173	 Data: torch.Size([10, 384])	 Training Loss: 1.1032371520996094
Step: 174	 Data: torch.Size([10, 384])	 Training Loss: 0.9324967265129089
Step: 175	 Data: torch.Size([10, 384])	 Training Loss: 1.0785081386566162
Step: 176	 Data: torch.Size([10, 384])	 Training Loss: 0.8228479623794556
Step: 177	 Data: torch.Size([10, 346])	 Training Loss: 0.9459301233291626
Step: 178	 Data: torch.Size([10, 384])	 Training Loss: 0.8136940598487854
Step: 179	 Data: torch.Size([10, 384])	 Training Loss: 0.8715896606445312
Step: 180	 Data: torch.Size([10, 384])	 Training Loss: 0.926777184009552
Step: 181	 Data: torch.Size([10, 384])	 Training Loss: 0.9297045469284058
Step: 182	 Data: torch.Size([10, 384])	 Training Loss: 0.9621127247810364
Step: 183	 Data: torch.Size([10, 384])	 Training Loss: 0.8936031460762024
Step: 184	 Data: torch.Size([10, 384])	 Training Loss: 1.1175273656845093
Step: 185	 Data: torch.Size([10, 384])	 Training Loss: 1.0637829303741455
Step: 186	 Data: torch.Size([10, 384])	 Training Loss: 0.9462572932243347
Step: 187	 Data: torch.Size([10, 384])	 Training Loss: 1.0577542781829834
Step: 188	 Data: torch.Size([10, 384])	 Training Loss: 0.943044126033783
Step: 189	 Data: torch.Size([10, 384])	 Training Loss: 0.999364972114563
Step: 190	 Data: torch.Size([10, 384])	 Training Loss: 0.9911302328109741
Step: 191	 Data: torch.Size([10, 384])	 Training Loss: 1.0217230319976807
Step: 192	 Data: torch.Size([10, 384])	 Training Loss: 0.839840292930603
Step: 193	 Data: torch.Size([10, 384])	 Training Loss: 0.8923540711402893
Step: 194	 Data: torch.Size([10, 384])	 Training Loss: 1.0404877662658691
Step: 195	 Data: torch.Size([10, 384])	 Training Loss: 0.9495202302932739
Step: 196	 Data: torch.Size([10, 384])	 Training Loss: 0.9838047623634338
Step: 197	 Data: torch.Size([10, 384])	 Training Loss: 0.9842151403427124
Step: 198	 Data: torch.Size([10, 384])	 Training Loss: 0.856702983379364
Step: 199	 Data: torch.Size([10, 384])	 Training Loss: 0.8775650858879089
Step: 200	 Data: torch.Size([10, 384])	 Training Loss: 0.8314659595489502
Step: 201	 Data: torch.Size([10, 384])	 Training Loss: 0.9767383933067322
Step: 202	 Data: torch.Size([10, 277])	 Training Loss: 1.130853533744812
Step: 203	 Data: torch.Size([10, 384])	 Training Loss: 0.9633918404579163
Step: 204	 Data: torch.Size([10, 384])	 Training Loss: 0.9415755271911621
Step: 205	 Data: torch.Size([10, 384])	 Training Loss: 1.0849500894546509
Step: 206	 Data: torch.Size([10, 356])	 Training Loss: 0.9466200470924377
Step: 207	 Data: torch.Size([10, 384])	 Training Loss: 0.9373852610588074
Step: 208	 Data: torch.Size([10, 384])	 Training Loss: 0.7949564456939697
Step: 209	 Data: torch.Size([10, 384])	 Training Loss: 0.8759604692459106
Step: 210	 Data: torch.Size([10, 384])	 Training Loss: 1.0310285091400146
Step: 211	 Data: torch.Size([10, 355])	 Training Loss: 0.921042263507843
Step: 212	 Data: torch.Size([10, 384])	 Training Loss: 0.8924000263214111
Step: 213	 Data: torch.Size([10, 384])	 Training Loss: 1.1092671155929565
Step: 214	 Data: torch.Size([10, 384])	 Training Loss: 0.9220069646835327
Step: 215	 Data: torch.Size([10, 384])	 Training Loss: 0.8636443614959717
Step: 216	 Data: torch.Size([10, 384])	 Training Loss: 0.8268119692802429
Step: 217	 Data: torch.Size([10, 384])	 Training Loss: 0.8924229145050049
Step: 218	 Data: torch.Size([10, 384])	 Training Loss: 0.9174188375473022
Step: 219	 Data: torch.Size([10, 384])	 Training Loss: 0.9193028807640076
Step: 220	 Data: torch.Size([10, 384])	 Training Loss: 0.8595922589302063
Step: 221	 Data: torch.Size([10, 384])	 Training Loss: 0.9756088852882385
Step: 222	 Data: torch.Size([10, 384])	 Training Loss: 0.9197528958320618
Step: 223	 Data: torch.Size([10, 384])	 Training Loss: 0.9637525677680969
Step: 224	 Data: torch.Size([10, 384])	 Training Loss: 0.8938745260238647
Step: 225	 Data: torch.Size([10, 384])	 Training Loss: 0.9102767705917358
Step: 226	 Data: torch.Size([10, 384])	 Training Loss: 1.079979658126831
Step: 227	 Data: torch.Size([10, 384])	 Training Loss: 0.9778760075569153
Step: 228	 Data: torch.Size([10, 384])	 Training Loss: 0.7759160995483398
Step: 229	 Data: torch.Size([10, 384])	 Training Loss: 0.9361517429351807
Step: 230	 Data: torch.Size([10, 384])	 Training Loss: 0.9534671902656555
Step: 231	 Data: torch.Size([10, 384])	 Training Loss: 0.7670983076095581
Step: 232	 Data: torch.Size([10, 384])	 Training Loss: 0.9109010100364685
Step: 233	 Data: torch.Size([10, 384])	 Training Loss: 0.8849092721939087
Step: 234	 Data: torch.Size([10, 384])	 Training Loss: 1.1629360914230347
Step: 235	 Data: torch.Size([10, 384])	 Training Loss: 0.9692017436027527
Step: 236	 Data: torch.Size([10, 384])	 Training Loss: 1.0223138332366943
Step: 237	 Data: torch.Size([10, 384])	 Training Loss: 0.9553809762001038
Step: 238	 Data: torch.Size([10, 384])	 Training Loss: 1.0055267810821533
Step: 239	 Data: torch.Size([10, 384])	 Training Loss: 1.028293490409851
Step: 240	 Data: torch.Size([10, 384])	 Training Loss: 0.9825217723846436
Step: 241	 Data: torch.Size([10, 384])	 Training Loss: 1.068176031112671
Step: 242	 Data: torch.Size([10, 384])	 Training Loss: 0.9774941802024841
Step: 243	 Data: torch.Size([10, 384])	 Training Loss: 0.985204815864563
Step: 244	 Data: torch.Size([10, 384])	 Training Loss: 0.893883228302002
Step: 245	 Data: torch.Size([10, 384])	 Training Loss: 0.9630168080329895
Step: 246	 Data: torch.Size([10, 384])	 Training Loss: 1.102592945098877
Step: 247	 Data: torch.Size([10, 384])	 Training Loss: 0.9601621031761169
Step: 248	 Data: torch.Size([10, 384])	 Training Loss: 1.0206413269042969
Step: 249	 Data: torch.Size([10, 384])	 Training Loss: 1.0825855731964111
Step: 250	 Data: torch.Size([10, 340])	 Training Loss: 1.145276427268982
Step: 251	 Data: torch.Size([10, 384])	 Training Loss: 0.9851221442222595
Step: 252	 Data: torch.Size([10, 384])	 Training Loss: 0.8521305918693542
Step: 253	 Data: torch.Size([10, 384])	 Training Loss: 1.0052111148834229
Step: 254	 Data: torch.Size([10, 384])	 Training Loss: 0.8636440634727478
Step: 255	 Data: torch.Size([10, 384])	 Training Loss: 0.9507007002830505
Step: 256	 Data: torch.Size([10, 384])	 Training Loss: 0.9417779445648193
Step: 257	 Data: torch.Size([10, 384])	 Training Loss: 0.9326542615890503
Step: 258	 Data: torch.Size([10, 384])	 Training Loss: 0.8918503522872925
Step: 259	 Data: torch.Size([10, 384])	 Training Loss: 0.9075090289115906
Step: 260	 Data: torch.Size([10, 384])	 Training Loss: 0.8934682011604309
Step: 261	 Data: torch.Size([10, 384])	 Training Loss: 0.8323420882225037
Step: 262	 Data: torch.Size([10, 384])	 Training Loss: 0.9243791699409485
Step: 263	 Data: torch.Size([10, 384])	 Training Loss: 0.9259423613548279
Step: 264	 Data: torch.Size([10, 384])	 Training Loss: 0.8286957740783691
Step: 265	 Data: torch.Size([10, 384])	 Training Loss: 0.8502842783927917
Step: 266	 Data: torch.Size([10, 384])	 Training Loss: 0.9963635802268982
Step: 267	 Data: torch.Size([10, 384])	 Training Loss: 0.8741326928138733
Step: 268	 Data: torch.Size([10, 384])	 Training Loss: 0.9098674058914185
Step: 269	 Data: torch.Size([10, 384])	 Training Loss: 0.9847399592399597
Step: 270	 Data: torch.Size([10, 384])	 Training Loss: 0.9394200444221497
Step: 271	 Data: torch.Size([10, 384])	 Training Loss: 0.9068271517753601
Step: 272	 Data: torch.Size([10, 384])	 Training Loss: 1.0129494667053223
Step: 273	 Data: torch.Size([10, 384])	 Training Loss: 0.9234179854393005
Step: 274	 Data: torch.Size([10, 384])	 Training Loss: 1.0147390365600586
Step: 275	 Data: torch.Size([10, 384])	 Training Loss: 0.931481659412384
Step: 276	 Data: torch.Size([10, 384])	 Training Loss: 0.9750581979751587
Step: 277	 Data: torch.Size([10, 384])	 Training Loss: 0.9109378457069397
Step: 278	 Data: torch.Size([10, 384])	 Training Loss: 0.9471414089202881
Step: 279	 Data: torch.Size([10, 384])	 Training Loss: 0.9145039916038513
Step: 280	 Data: torch.Size([10, 384])	 Training Loss: 0.7976694107055664
Step: 281	 Data: torch.Size([10, 384])	 Training Loss: 1.0887384414672852
Step: 282	 Data: torch.Size([10, 384])	 Training Loss: 0.9287370443344116
Step: 283	 Data: torch.Size([10, 384])	 Training Loss: 0.8522946834564209
Step: 284	 Data: torch.Size([10, 384])	 Training Loss: 1.0464363098144531
Step: 285	 Data: torch.Size([10, 384])	 Training Loss: 0.8469722270965576
Step: 286	 Data: torch.Size([10, 384])	 Training Loss: 0.9909323453903198
Step: 287	 Data: torch.Size([10, 384])	 Training Loss: 0.9730635285377502
Step: 288	 Data: torch.Size([10, 384])	 Training Loss: 1.008888840675354
Step: 289	 Data: torch.Size([10, 384])	 Training Loss: 0.9403694868087769
Step: 290	 Data: torch.Size([10, 384])	 Training Loss: 0.9114711880683899
Step: 291	 Data: torch.Size([10, 384])	 Training Loss: 0.9307124018669128
Step: 292	 Data: torch.Size([10, 384])	 Training Loss: 0.8037629723548889
Step: 293	 Data: torch.Size([10, 372])	 Training Loss: 0.841651201248169
Step: 294	 Data: torch.Size([10, 384])	 Training Loss: 1.0403207540512085
Step: 295	 Data: torch.Size([10, 384])	 Training Loss: 0.8588889837265015
Step: 296	 Data: torch.Size([10, 384])	 Training Loss: 0.9270097613334656
Step: 297	 Data: torch.Size([10, 213])	 Training Loss: 1.0763543844223022
Step: 298	 Data: torch.Size([10, 384])	 Training Loss: 1.0113788843154907
Step: 299	 Data: torch.Size([10, 384])	 Training Loss: 0.8696947693824768
Step: 300	 Data: torch.Size([10, 384])	 Training Loss: 1.0362893342971802
Step: 301	 Data: torch.Size([10, 384])	 Training Loss: 1.0798479318618774
Step: 302	 Data: torch.Size([10, 384])	 Training Loss: 0.8974828124046326
Step: 303	 Data: torch.Size([10, 384])	 Training Loss: 0.935371994972229
Step: 304	 Data: torch.Size([10, 384])	 Training Loss: 0.8854835629463196
Step: 305	 Data: torch.Size([10, 384])	 Training Loss: 0.8792009949684143
Step: 306	 Data: torch.Size([10, 384])	 Training Loss: 1.0785143375396729
Step: 307	 Data: torch.Size([10, 384])	 Training Loss: 0.9592204689979553
Step: 308	 Data: torch.Size([10, 384])	 Training Loss: 1.1083025932312012
Step: 309	 Data: torch.Size([10, 384])	 Training Loss: 0.9787651300430298
Step: 310	 Data: torch.Size([10, 384])	 Training Loss: 0.9971133470535278
Step: 311	 Data: torch.Size([10, 384])	 Training Loss: 0.9823890924453735
Step: 312	 Data: torch.Size([10, 384])	 Training Loss: 0.8578402996063232
Step: 313	 Data: torch.Size([10, 384])	 Training Loss: 0.9260326027870178
Step: 314	 Data: torch.Size([10, 384])	 Training Loss: 0.9626064896583557
Step: 315	 Data: torch.Size([10, 384])	 Training Loss: 1.0006426572799683
Step: 316	 Data: torch.Size([10, 384])	 Training Loss: 0.8278802037239075
Step: 317	 Data: torch.Size([10, 384])	 Training Loss: 0.8991618156433105
Step: 318	 Data: torch.Size([10, 384])	 Training Loss: 1.1402994394302368
Step: 319	 Data: torch.Size([10, 384])	 Training Loss: 0.9648948311805725
Step: 320	 Data: torch.Size([10, 384])	 Training Loss: 1.233190894126892
Step: 321	 Data: torch.Size([10, 384])	 Training Loss: 0.9923178553581238
Step: 322	 Data: torch.Size([10, 384])	 Training Loss: 1.1488202810287476
Step: 323	 Data: torch.Size([10, 384])	 Training Loss: 0.9453899264335632
Step: 324	 Data: torch.Size([10, 384])	 Training Loss: 0.9004865884780884
Step: 325	 Data: torch.Size([10, 384])	 Training Loss: 0.8287339210510254
Step: 326	 Data: torch.Size([10, 384])	 Training Loss: 0.8160492181777954
Step: 327	 Data: torch.Size([10, 384])	 Training Loss: 0.8002288341522217
Step: 328	 Data: torch.Size([10, 384])	 Training Loss: 1.1281658411026
Step: 329	 Data: torch.Size([10, 384])	 Training Loss: 1.1177198886871338
Step: 330	 Data: torch.Size([10, 384])	 Training Loss: 0.9487518072128296
Step: 331	 Data: torch.Size([10, 384])	 Training Loss: 0.786766767501831
Step: 332	 Data: torch.Size([10, 384])	 Training Loss: 0.9991157650947571
Step: 333	 Data: torch.Size([10, 384])	 Training Loss: 0.9576248526573181
Step: 334	 Data: torch.Size([10, 384])	 Training Loss: 0.9715033769607544
Step: 335	 Data: torch.Size([10, 384])	 Training Loss: 0.8287382125854492
Step: 336	 Data: torch.Size([10, 384])	 Training Loss: 0.8238219618797302
Step: 337	 Data: torch.Size([10, 384])	 Training Loss: 1.0919877290725708
Step: 338	 Data: torch.Size([10, 384])	 Training Loss: 1.047489047050476
Step: 339	 Data: torch.Size([10, 384])	 Training Loss: 0.9306797981262207
Step: 340	 Data: torch.Size([10, 384])	 Training Loss: 0.8146606087684631
Step: 341	 Data: torch.Size([10, 384])	 Training Loss: 0.8230844736099243
Step: 342	 Data: torch.Size([10, 384])	 Training Loss: 0.9722053408622742
Step: 343	 Data: torch.Size([10, 384])	 Training Loss: 1.052650809288025
Step: 344	 Data: torch.Size([10, 384])	 Training Loss: 1.0839121341705322
Step: 345	 Data: torch.Size([10, 384])	 Training Loss: 0.9890550374984741
Step: 346	 Data: torch.Size([10, 384])	 Training Loss: 0.935175895690918
Step: 347	 Data: torch.Size([10, 384])	 Training Loss: 1.0630300045013428
Step: 348	 Data: torch.Size([10, 384])	 Training Loss: 0.9541366100311279
Step: 349	 Data: torch.Size([10, 384])	 Training Loss: 0.8776960372924805
Step: 350	 Data: torch.Size([10, 384])	 Training Loss: 0.9041767120361328
Step: 351	 Data: torch.Size([10, 384])	 Training Loss: 0.8703476786613464
Step: 352	 Data: torch.Size([10, 384])	 Training Loss: 0.9076231718063354
Step: 353	 Data: torch.Size([10, 384])	 Training Loss: 0.9701099991798401
Step: 354	 Data: torch.Size([10, 384])	 Training Loss: 0.9591517448425293
Step: 355	 Data: torch.Size([10, 384])	 Training Loss: 0.8670846819877625
Step: 356	 Data: torch.Size([10, 384])	 Training Loss: 1.0903395414352417
Step: 357	 Data: torch.Size([10, 384])	 Training Loss: 0.980819582939148
Step: 358	 Data: torch.Size([10, 384])	 Training Loss: 1.0339843034744263
Step: 359	 Data: torch.Size([10, 384])	 Training Loss: 0.9655553698539734
Step: 360	 Data: torch.Size([10, 384])	 Training Loss: 0.9737648367881775
Step: 361	 Data: torch.Size([10, 384])	 Training Loss: 0.8232881426811218
Step: 362	 Data: torch.Size([10, 384])	 Training Loss: 0.8175639510154724
Step: 363	 Data: torch.Size([10, 384])	 Training Loss: 0.9324735403060913
Step: 364	 Data: torch.Size([10, 384])	 Training Loss: 0.9869999289512634
Step: 365	 Data: torch.Size([10, 384])	 Training Loss: 0.8195226192474365
Step: 366	 Data: torch.Size([10, 384])	 Training Loss: 0.7795503735542297
Step: 367	 Data: torch.Size([10, 384])	 Training Loss: 0.8963730931282043
Step: 368	 Data: torch.Size([10, 384])	 Training Loss: 1.0229370594024658
Step: 369	 Data: torch.Size([10, 384])	 Training Loss: 0.9894957542419434
Step: 370	 Data: torch.Size([10, 384])	 Training Loss: 0.9129622578620911
Step: 371	 Data: torch.Size([10, 384])	 Training Loss: 0.8428764343261719
Step: 372	 Data: torch.Size([10, 384])	 Training Loss: 1.0046007633209229
Step: 373	 Data: torch.Size([10, 384])	 Training Loss: 0.9589682817459106
Step: 374	 Data: torch.Size([10, 384])	 Training Loss: 0.8723297715187073
Step: 375	 Data: torch.Size([10, 384])	 Training Loss: 0.8429829478263855
Step: 376	 Data: torch.Size([10, 384])	 Training Loss: 0.878057062625885
Step: 377	 Data: torch.Size([10, 384])	 Training Loss: 0.9768487811088562
Step: 378	 Data: torch.Size([10, 384])	 Training Loss: 0.9100637435913086
Step: 379	 Data: torch.Size([10, 384])	 Training Loss: 0.8462913036346436
Step: 380	 Data: torch.Size([10, 384])	 Training Loss: 1.0090864896774292
Step: 381	 Data: torch.Size([10, 384])	 Training Loss: 0.8714126348495483
Step: 382	 Data: torch.Size([10, 384])	 Training Loss: 0.8921938538551331
Step: 383	 Data: torch.Size([10, 384])	 Training Loss: 0.932792067527771
Step: 384	 Data: torch.Size([10, 384])	 Training Loss: 0.8163776993751526
Step: 385	 Data: torch.Size([10, 384])	 Training Loss: 0.8370305895805359
Step: 386	 Data: torch.Size([10, 384])	 Training Loss: 0.9875021576881409
Step: 387	 Data: torch.Size([10, 384])	 Training Loss: 0.8555654883384705
Step: 388	 Data: torch.Size([10, 384])	 Training Loss: 0.938624382019043
Step: 389	 Data: torch.Size([10, 384])	 Training Loss: 1.1451942920684814
Step: 390	 Data: torch.Size([10, 384])	 Training Loss: 0.8899559378623962
Step: 391	 Data: torch.Size([10, 384])	 Training Loss: 1.0979386568069458
Step: 392	 Data: torch.Size([10, 384])	 Training Loss: 0.952522337436676
Step: 393	 Data: torch.Size([10, 384])	 Training Loss: 0.9152906537055969
Step: 394	 Data: torch.Size([10, 270])	 Training Loss: 0.8547962307929993
Step: 395	 Data: torch.Size([10, 384])	 Training Loss: 0.9420179724693298
Step: 396	 Data: torch.Size([10, 384])	 Training Loss: 0.888775110244751
Step: 397	 Data: torch.Size([10, 384])	 Training Loss: 0.8951418995857239
Step: 398	 Data: torch.Size([10, 384])	 Training Loss: 0.9473019242286682
Step: 399	 Data: torch.Size([10, 384])	 Training Loss: 0.995604932308197
Step: 400	 Data: torch.Size([10, 384])	 Training Loss: 0.9773717522621155
Step: 401	 Data: torch.Size([10, 384])	 Training Loss: 0.9840514659881592
Step: 402	 Data: torch.Size([10, 384])	 Training Loss: 0.8324615359306335
Step: 403	 Data: torch.Size([10, 384])	 Training Loss: 0.9892724752426147
Step: 404	 Data: torch.Size([10, 384])	 Training Loss: 0.9674621820449829
Step: 405	 Data: torch.Size([10, 384])	 Training Loss: 1.1084511280059814
Step: 406	 Data: torch.Size([10, 384])	 Training Loss: 1.0076771974563599
Step: 407	 Data: torch.Size([10, 384])	 Training Loss: 0.8666906356811523
Step: 408	 Data: torch.Size([10, 384])	 Training Loss: 0.9129055142402649
Step: 409	 Data: torch.Size([10, 384])	 Training Loss: 0.8204932808876038
Step: 410	 Data: torch.Size([10, 384])	 Training Loss: 0.8867590427398682
Step: 411	 Data: torch.Size([10, 384])	 Training Loss: 0.9032970666885376
Step: 412	 Data: torch.Size([10, 384])	 Training Loss: 1.0075972080230713
Step: 413	 Data: torch.Size([10, 384])	 Training Loss: 0.9382141828536987
Step: 414	 Data: torch.Size([10, 384])	 Training Loss: 0.9639530181884766
Step: 415	 Data: torch.Size([10, 384])	 Training Loss: 0.8971821665763855
Step: 416	 Data: torch.Size([10, 384])	 Training Loss: 1.0375416278839111
Step: 417	 Data: torch.Size([10, 384])	 Training Loss: 0.9224239587783813
Step: 418	 Data: torch.Size([10, 384])	 Training Loss: 1.0186892747879028
Step: 419	 Data: torch.Size([10, 384])	 Training Loss: 0.9349551796913147
Step: 420	 Data: torch.Size([10, 384])	 Training Loss: 0.7982143759727478
Step: 421	 Data: torch.Size([10, 384])	 Training Loss: 0.8224412202835083
Step: 422	 Data: torch.Size([10, 384])	 Training Loss: 0.9074451327323914
Step: 423	 Data: torch.Size([10, 384])	 Training Loss: 0.8270947933197021
Step: 424	 Data: torch.Size([10, 384])	 Training Loss: 0.8365141153335571
Step: 425	 Data: torch.Size([10, 384])	 Training Loss: 0.8980634212493896
Step: 426	 Data: torch.Size([10, 384])	 Training Loss: 0.8494652509689331
Step: 427	 Data: torch.Size([10, 384])	 Training Loss: 0.9855126738548279
Step: 428	 Data: torch.Size([10, 384])	 Training Loss: 0.8825935125350952
Step: 429	 Data: torch.Size([10, 384])	 Training Loss: 0.8668431043624878
Step: 430	 Data: torch.Size([10, 384])	 Training Loss: 0.9564912915229797
Step: 431	 Data: torch.Size([10, 384])	 Training Loss: 0.838604748249054
Step: 432	 Data: torch.Size([10, 384])	 Training Loss: 0.9670356512069702
Step: 433	 Data: torch.Size([10, 384])	 Training Loss: 0.8654430508613586
Step: 434	 Data: torch.Size([10, 384])	 Training Loss: 0.9793898463249207
Step: 435	 Data: torch.Size([10, 384])	 Training Loss: 0.7607706189155579
Step: 436	 Data: torch.Size([10, 384])	 Training Loss: 0.8374812602996826
Step: 437	 Data: torch.Size([10, 384])	 Training Loss: 0.9914510846138
Step: 438	 Data: torch.Size([10, 384])	 Training Loss: 0.9922558069229126
Step: 439	 Data: torch.Size([10, 384])	 Training Loss: 1.1208586692810059
Step: 440	 Data: torch.Size([10, 384])	 Training Loss: 0.8737004995346069
Step: 441	 Data: torch.Size([10, 384])	 Training Loss: 0.926130473613739
Step: 442	 Data: torch.Size([10, 384])	 Training Loss: 1.00473952293396
Step: 443	 Data: torch.Size([10, 384])	 Training Loss: 0.8590769171714783
Step: 444	 Data: torch.Size([10, 384])	 Training Loss: 0.9253010153770447
Step: 445	 Data: torch.Size([10, 384])	 Training Loss: 1.0097064971923828
Step: 446	 Data: torch.Size([10, 384])	 Training Loss: 0.9770114421844482
Step: 447	 Data: torch.Size([10, 384])	 Training Loss: 0.9790578484535217
Step: 448	 Data: torch.Size([10, 384])	 Training Loss: 0.8003861308097839
Step: 449	 Data: torch.Size([10, 384])	 Training Loss: 1.0809272527694702
Step: 450	 Data: torch.Size([10, 384])	 Training Loss: 0.8805481195449829
Step: 451	 Data: torch.Size([10, 384])	 Training Loss: 0.9327228665351868
Step: 452	 Data: torch.Size([10, 384])	 Training Loss: 0.8656696081161499
Step: 453	 Data: torch.Size([10, 384])	 Training Loss: 0.9282886385917664
Step: 454	 Data: torch.Size([10, 384])	 Training Loss: 1.097578763961792
Step: 455	 Data: torch.Size([10, 384])	 Training Loss: 0.9776296019554138
Step: 456	 Data: torch.Size([10, 384])	 Training Loss: 0.8831815719604492
Step: 457	 Data: torch.Size([10, 384])	 Training Loss: 0.9551459550857544
Step: 458	 Data: torch.Size([10, 384])	 Training Loss: 0.9234494566917419
Step: 459	 Data: torch.Size([10, 384])	 Training Loss: 1.0376535654067993
Step: 460	 Data: torch.Size([10, 384])	 Training Loss: 0.9216553568840027
Step: 461	 Data: torch.Size([10, 384])	 Training Loss: 0.9687527418136597
Step: 462	 Data: torch.Size([10, 384])	 Training Loss: 1.079009771347046
Step: 463	 Data: torch.Size([10, 384])	 Training Loss: 0.8864538073539734
Step: 464	 Data: torch.Size([10, 306])	 Training Loss: 1.0580772161483765
Step: 465	 Data: torch.Size([10, 249])	 Training Loss: 0.9715269804000854
Step: 466	 Data: torch.Size([10, 384])	 Training Loss: 0.9486420750617981
Step: 467	 Data: torch.Size([10, 384])	 Training Loss: 0.9671260118484497
Step: 468	 Data: torch.Size([10, 384])	 Training Loss: 1.0555166006088257
Step: 469	 Data: torch.Size([10, 384])	 Training Loss: 0.9934828281402588
Step: 470	 Data: torch.Size([10, 384])	 Training Loss: 1.0001808404922485
Step: 471	 Data: torch.Size([10, 384])	 Training Loss: 0.8884339332580566
Step: 472	 Data: torch.Size([10, 384])	 Training Loss: 0.8756933212280273
Step: 473	 Data: torch.Size([10, 384])	 Training Loss: 1.072039246559143
Step: 474	 Data: torch.Size([10, 384])	 Training Loss: 1.0125682353973389
Step: 475	 Data: torch.Size([10, 384])	 Training Loss: 0.9417516589164734
Step: 476	 Data: torch.Size([10, 384])	 Training Loss: 1.1217010021209717
Step: 477	 Data: torch.Size([10, 384])	 Training Loss: 0.8397619724273682
Step: 478	 Data: torch.Size([10, 384])	 Training Loss: 0.9602821469306946
Step: 479	 Data: torch.Size([10, 384])	 Training Loss: 0.9706754088401794
Step: 480	 Data: torch.Size([10, 384])	 Training Loss: 0.9812939763069153
Step: 481	 Data: torch.Size([10, 384])	 Training Loss: 0.790990948677063
Step: 482	 Data: torch.Size([10, 384])	 Training Loss: 1.016499638557434
Step: 483	 Data: torch.Size([10, 384])	 Training Loss: 1.0341871976852417
Step: 484	 Data: torch.Size([10, 384])	 Training Loss: 0.8292807340621948
Step: 485	 Data: torch.Size([10, 384])	 Training Loss: 0.8396455645561218
Step: 486	 Data: torch.Size([10, 384])	 Training Loss: 0.9870043396949768
Step: 487	 Data: torch.Size([10, 384])	 Training Loss: 0.8101050853729248
Step: 488	 Data: torch.Size([10, 384])	 Training Loss: 0.9804040193557739
Step: 489	 Data: torch.Size([10, 384])	 Training Loss: 0.8944631814956665
Step: 490	 Data: torch.Size([10, 384])	 Training Loss: 0.837665855884552
Step: 491	 Data: torch.Size([10, 384])	 Training Loss: 0.7666276097297668
Step: 492	 Data: torch.Size([10, 384])	 Training Loss: 0.8485719561576843
Step: 493	 Data: torch.Size([10, 384])	 Training Loss: 0.8956904411315918
Step: 494	 Data: torch.Size([10, 384])	 Training Loss: 0.8139773011207581
Step: 495	 Data: torch.Size([10, 384])	 Training Loss: 1.0586166381835938
Step: 496	 Data: torch.Size([10, 384])	 Training Loss: 0.9460388422012329
Step: 497	 Data: torch.Size([10, 384])	 Training Loss: 1.0220128297805786
Step: 498	 Data: torch.Size([10, 384])	 Training Loss: 1.0079118013381958
Step: 499	 Data: torch.Size([10, 384])	 Training Loss: 0.8976835608482361
Step: 500	 Data: torch.Size([10, 384])	 Training Loss: 0.8687626123428345
Step: 501	 Data: torch.Size([10, 384])	 Training Loss: 0.8672559261322021
Step: 502	 Data: torch.Size([10, 384])	 Training Loss: 0.9444255232810974
Step: 503	 Data: torch.Size([10, 384])	 Training Loss: 0.8307116031646729
Step: 504	 Data: torch.Size([10, 384])	 Training Loss: 0.8561861515045166
Step: 505	 Data: torch.Size([10, 384])	 Training Loss: 1.0316803455352783
Step: 506	 Data: torch.Size([10, 384])	 Training Loss: 0.7973776459693909
Step: 507	 Data: torch.Size([10, 384])	 Training Loss: 0.8166236281394958
Step: 508	 Data: torch.Size([10, 384])	 Training Loss: 0.9535195827484131
Step: 509	 Data: torch.Size([10, 384])	 Training Loss: 0.8734946846961975
Step: 510	 Data: torch.Size([10, 384])	 Training Loss: 0.9626937508583069
Step: 511	 Data: torch.Size([10, 384])	 Training Loss: 0.7632991671562195
Step: 512	 Data: torch.Size([10, 384])	 Training Loss: 1.1731501817703247
Step: 513	 Data: torch.Size([10, 384])	 Training Loss: 1.181727647781372
Step: 514	 Data: torch.Size([10, 384])	 Training Loss: 0.871355414390564
Step: 515	 Data: torch.Size([10, 302])	 Training Loss: 0.8428934216499329
Step: 516	 Data: torch.Size([10, 384])	 Training Loss: 1.06527578830719
Step: 517	 Data: torch.Size([10, 384])	 Training Loss: 0.9118252396583557
Step: 518	 Data: torch.Size([10, 384])	 Training Loss: 0.892116367816925
Step: 519	 Data: torch.Size([10, 384])	 Training Loss: 1.0260792970657349
Step: 520	 Data: torch.Size([10, 384])	 Training Loss: 0.7851917743682861
Step: 521	 Data: torch.Size([10, 384])	 Training Loss: 0.9578220248222351
Step: 522	 Data: torch.Size([10, 384])	 Training Loss: 1.1097255945205688
Step: 523	 Data: torch.Size([10, 384])	 Training Loss: 0.9217676520347595
Step: 524	 Data: torch.Size([10, 384])	 Training Loss: 1.0009514093399048
Step: 525	 Data: torch.Size([10, 384])	 Training Loss: 0.9688279628753662
Step: 526	 Data: torch.Size([10, 384])	 Training Loss: 0.9676128625869751
Step: 527	 Data: torch.Size([10, 384])	 Training Loss: 0.8378167152404785
Step: 528	 Data: torch.Size([10, 384])	 Training Loss: 0.8599328398704529
Step: 529	 Data: torch.Size([10, 384])	 Training Loss: 0.8965715765953064
Step: 530	 Data: torch.Size([10, 384])	 Training Loss: 0.9805978536605835
Step: 531	 Data: torch.Size([10, 384])	 Training Loss: 0.9968980550765991
Step: 532	 Data: torch.Size([10, 384])	 Training Loss: 0.8046506643295288
Step: 533	 Data: torch.Size([10, 384])	 Training Loss: 1.0684540271759033
Step: 534	 Data: torch.Size([10, 384])	 Training Loss: 0.9559125304222107
Step: 535	 Data: torch.Size([10, 384])	 Training Loss: 0.8794991374015808
Step: 536	 Data: torch.Size([10, 384])	 Training Loss: 0.8923352956771851
Step: 537	 Data: torch.Size([10, 384])	 Training Loss: 0.9044824838638306
Step: 538	 Data: torch.Size([10, 384])	 Training Loss: 1.0269538164138794
Step: 539	 Data: torch.Size([10, 384])	 Training Loss: 0.7982833981513977
Step: 540	 Data: torch.Size([10, 384])	 Training Loss: 0.9412577748298645
Step: 541	 Data: torch.Size([10, 384])	 Training Loss: 0.9485681056976318
Step: 542	 Data: torch.Size([10, 384])	 Training Loss: 0.8761841058731079
Step: 543	 Data: torch.Size([10, 384])	 Training Loss: 0.8776393532752991
Step: 544	 Data: torch.Size([10, 384])	 Training Loss: 1.0136774778366089
Step: 545	 Data: torch.Size([10, 384])	 Training Loss: 0.8691414594650269
Step: 546	 Data: torch.Size([10, 384])	 Training Loss: 0.8650403022766113
Step: 547	 Data: torch.Size([10, 384])	 Training Loss: 0.8430817723274231
Step: 548	 Data: torch.Size([10, 384])	 Training Loss: 0.9508546590805054
Step: 549	 Data: torch.Size([10, 384])	 Training Loss: 0.9222450852394104
Step: 550	 Data: torch.Size([10, 384])	 Training Loss: 0.9759010672569275
Step: 551	 Data: torch.Size([10, 384])	 Training Loss: 0.9487871527671814
Step: 552	 Data: torch.Size([10, 384])	 Training Loss: 1.1619393825531006
Step: 553	 Data: torch.Size([10, 384])	 Training Loss: 0.8473098278045654
Step: 554	 Data: torch.Size([10, 384])	 Training Loss: 0.8893736004829407
Step: 555	 Data: torch.Size([10, 384])	 Training Loss: 0.9055005311965942
Step: 556	 Data: torch.Size([10, 384])	 Training Loss: 0.9611470699310303
Step: 557	 Data: torch.Size([10, 384])	 Training Loss: 1.0482426881790161
Step: 558	 Data: torch.Size([10, 384])	 Training Loss: 0.9195677042007446
Step: 559	 Data: torch.Size([10, 384])	 Training Loss: 1.010433554649353
Step: 560	 Data: torch.Size([10, 384])	 Training Loss: 1.1363049745559692
Step: 561	 Data: torch.Size([10, 384])	 Training Loss: 0.9167379140853882
Step: 562	 Data: torch.Size([10, 384])	 Training Loss: 0.9786956310272217
Step: 563	 Data: torch.Size([10, 384])	 Training Loss: 0.8738760948181152
Step: 564	 Data: torch.Size([10, 384])	 Training Loss: 1.076229214668274
Step: 565	 Data: torch.Size([10, 384])	 Training Loss: 0.8688221573829651
Step: 566	 Data: torch.Size([10, 384])	 Training Loss: 1.064183235168457
Step: 567	 Data: torch.Size([10, 374])	 Training Loss: 0.7379487752914429
Step: 568	 Data: torch.Size([10, 384])	 Training Loss: 1.0408433675765991
Step: 569	 Data: torch.Size([10, 384])	 Training Loss: 1.0016855001449585
Step: 570	 Data: torch.Size([10, 384])	 Training Loss: 0.8219730257987976
Step: 571	 Data: torch.Size([10, 384])	 Training Loss: 0.8850281238555908
Step: 572	 Data: torch.Size([10, 384])	 Training Loss: 0.7772459983825684
Step: 573	 Data: torch.Size([10, 384])	 Training Loss: 0.8373672366142273
Step: 574	 Data: torch.Size([10, 384])	 Training Loss: 0.7785255908966064
Step: 575	 Data: torch.Size([10, 384])	 Training Loss: 0.9680697321891785
Step: 576	 Data: torch.Size([10, 384])	 Training Loss: 0.8006934523582458
Step: 577	 Data: torch.Size([10, 384])	 Training Loss: 1.1162409782409668
Step: 578	 Data: torch.Size([10, 384])	 Training Loss: 0.852918267250061
Step: 579	 Data: torch.Size([10, 384])	 Training Loss: 0.7350186705589294
Step: 580	 Data: torch.Size([10, 384])	 Training Loss: 1.080124020576477
Step: 581	 Data: torch.Size([10, 384])	 Training Loss: 0.9885879158973694
Step: 582	 Data: torch.Size([10, 384])	 Training Loss: 0.8651681542396545
Step: 583	 Data: torch.Size([10, 359])	 Training Loss: 1.0295449495315552
Step: 584	 Data: torch.Size([10, 287])	 Training Loss: 1.0179789066314697
Step: 585	 Data: torch.Size([10, 384])	 Training Loss: 0.8422996997833252
Step: 586	 Data: torch.Size([10, 384])	 Training Loss: 0.7820600271224976
Step: 587	 Data: torch.Size([10, 384])	 Training Loss: 0.944012463092804
Step: 588	 Data: torch.Size([10, 384])	 Training Loss: 0.863945722579956
Step: 589	 Data: torch.Size([10, 384])	 Training Loss: 0.8842761516571045
Step: 590	 Data: torch.Size([10, 384])	 Training Loss: 0.8591138124465942
Step: 591	 Data: torch.Size([10, 384])	 Training Loss: 0.9535132050514221
Step: 592	 Data: torch.Size([10, 384])	 Training Loss: 0.7951398491859436
Step: 593	 Data: torch.Size([10, 384])	 Training Loss: 0.9704049229621887
Step: 594	 Data: torch.Size([10, 384])	 Training Loss: 0.8545203804969788
Step: 595	 Data: torch.Size([10, 384])	 Training Loss: 1.0466922521591187
Step: 596	 Data: torch.Size([10, 384])	 Training Loss: 0.8819242119789124
Step: 597	 Data: torch.Size([10, 384])	 Training Loss: 0.8478849530220032
Step: 598	 Data: torch.Size([10, 384])	 Training Loss: 0.8685623407363892
Step: 599	 Data: torch.Size([10, 384])	 Training Loss: 0.9084950089454651
Step: 600	 Data: torch.Size([10, 384])	 Training Loss: 0.9580242037773132
