[2024-05-07 07:30:38,004] torch.distributed.run: [WARNING] master_addr is only used for static rdzv_backend and when rdzv_endpoint is not specified.
[2024-05-07 07:30:38,005] torch.distributed.run: [WARNING] 
[2024-05-07 07:30:38,005] torch.distributed.run: [WARNING] *****************************************
[2024-05-07 07:30:38,005] torch.distributed.run: [WARNING] Setting OMP_NUM_THREADS environment variable for each process to be 1 in default, to avoid your system being overloaded, please further tune the variable for optimal performance in your application as needed. 
[2024-05-07 07:30:38,005] torch.distributed.run: [WARNING] *****************************************
[W socket.cpp:663] [c10d] The client socket has failed to connect to [H100-199]:49539 (errno: 22 - Invalid argument).
[W socket.cpp:663] [c10d] The client socket has failed to connect to [H100-199]:49539 (errno: 22 - Invalid argument).
[W socket.cpp:663] [c10d] The client socket has failed to connect to [H100-199]:49539 (errno: 22 - Invalid argument).
[W socket.cpp:663] [c10d] The client socket has failed to connect to [H100-199]:49539 (errno: 22 - Invalid argument).
[W socket.cpp:663] [c10d] The client socket has failed to connect to [H100-199]:49539 (errno: 22 - Invalid argument).
[W socket.cpp:663] [c10d] The client socket has failed to connect to [H100-199]:49539 (errno: 22 - Invalid argument).
====================initialize the distributed env====================
Loading checkpoint shards:   0%|          | 0/2 [00:00<?, ?it/s]Loading checkpoint shards:   0%|          | 0/2 [00:00<?, ?it/s]Loading checkpoint shards:   0%|          | 0/2 [00:00<?, ?it/s]Loading checkpoint shards:   0%|          | 0/2 [00:00<?, ?it/s]Loading checkpoint shards:  50%|█████     | 1/2 [00:12<00:12, 12.56s/it]Loading checkpoint shards:  50%|█████     | 1/2 [00:11<00:11, 11.81s/it]Loading checkpoint shards:  50%|█████     | 1/2 [00:13<00:13, 13.01s/it]Loading checkpoint shards:  50%|█████     | 1/2 [00:13<00:13, 13.50s/it]Loading checkpoint shards: 100%|██████████| 2/2 [00:15<00:00,  7.06s/it]Loading checkpoint shards: 100%|██████████| 2/2 [00:15<00:00,  7.88s/it]
====================Use tensor parallel====================
====================convert origin mlp to parallel mlp====================
====================get the model with lora====================
trainable params: 4,194,304 || all params: 4,578,349,056 || trainable%: 0.09161171305851609
Loading checkpoint shards: 100%|██████████| 2/2 [00:15<00:00,  6.80s/it]Loading checkpoint shards: 100%|██████████| 2/2 [00:15<00:00,  7.55s/it]
Loading checkpoint shards: 100%|██████████| 2/2 [00:16<00:00,  7.24s/it]Loading checkpoint shards: 100%|██████████| 2/2 [00:16<00:00,  8.11s/it]
Loading checkpoint shards: 100%|██████████| 2/2 [00:16<00:00,  7.42s/it]Loading checkpoint shards: 100%|██████████| 2/2 [00:16<00:00,  8.33s/it]
====================Use auto mixed precision training====================
====================get the dataset====================
====================get the dataloader====================
====================start train====================
You're using a LlamaTokenizerFast tokenizer. Please note that with a fast tokenizer, using the `__call__` method is faster than using a method to encode the text followed by a call to the `pad` method to get a padded encoding.
You're using a LlamaTokenizerFast tokenizer. Please note that with a fast tokenizer, using the `__call__` method is faster than using a method to encode the text followed by a call to the `pad` method to get a padded encoding.
You're using a LlamaTokenizerFast tokenizer. Please note that with a fast tokenizer, using the `__call__` method is faster than using a method to encode the text followed by a call to the `pad` method to get a padded encoding.
You're using a LlamaTokenizerFast tokenizer. Please note that with a fast tokenizer, using the `__call__` method is faster than using a method to encode the text followed by a call to the `pad` method to get a padded encoding.
Step: 1	 Data: torch.Size([10, 384])	 Training Loss: 1.0653685331344604
Step: 2	 Data: torch.Size([10, 384])	 Training Loss: 1.0277444124221802
Step: 3	 Data: torch.Size([10, 384])	 Training Loss: 0.9646273851394653
Step: 4	 Data: torch.Size([10, 384])	 Training Loss: 1.1948641538619995
Step: 5	 Data: torch.Size([10, 384])	 Training Loss: 1.2681008577346802
Step: 6	 Data: torch.Size([10, 302])	 Training Loss: 1.2405883073806763
Step: 7	 Data: torch.Size([10, 384])	 Training Loss: 1.2182424068450928
Step: 8	 Data: torch.Size([10, 384])	 Training Loss: 1.1050831079483032
Step: 9	 Data: torch.Size([10, 384])	 Training Loss: 1.1117470264434814
Step: 10	 Data: torch.Size([10, 384])	 Training Loss: 1.0325748920440674
Step: 11	 Data: torch.Size([10, 384])	 Training Loss: 1.3795576095581055
Step: 12	 Data: torch.Size([10, 319])	 Training Loss: 1.1881909370422363
Step: 13	 Data: torch.Size([10, 384])	 Training Loss: 1.1888322830200195
Step: 14	 Data: torch.Size([10, 384])	 Training Loss: 0.9837815165519714
Step: 15	 Data: torch.Size([10, 384])	 Training Loss: 0.9869884848594666
Step: 16	 Data: torch.Size([10, 384])	 Training Loss: 1.2155686616897583
Step: 17	 Data: torch.Size([10, 384])	 Training Loss: 1.1383906602859497
Step: 18	 Data: torch.Size([10, 384])	 Training Loss: 1.1936887502670288
Step: 19	 Data: torch.Size([10, 384])	 Training Loss: 1.119984745979309
Step: 20	 Data: torch.Size([10, 384])	 Training Loss: 1.1209042072296143
Step: 21	 Data: torch.Size([10, 384])	 Training Loss: 1.2375491857528687
Step: 22	 Data: torch.Size([10, 384])	 Training Loss: 1.0426230430603027
Step: 23	 Data: torch.Size([10, 384])	 Training Loss: 1.1451318264007568
Step: 24	 Data: torch.Size([10, 384])	 Training Loss: 1.0697921514511108
Step: 25	 Data: torch.Size([10, 384])	 Training Loss: 1.148635745048523
Step: 26	 Data: torch.Size([10, 384])	 Training Loss: 1.075157642364502
Step: 27	 Data: torch.Size([10, 384])	 Training Loss: 1.352899432182312
Step: 28	 Data: torch.Size([10, 384])	 Training Loss: 1.1391613483428955
Step: 29	 Data: torch.Size([10, 384])	 Training Loss: 1.1081666946411133
Step: 30	 Data: torch.Size([10, 384])	 Training Loss: 1.1479439735412598
Step: 31	 Data: torch.Size([10, 384])	 Training Loss: 0.9731775522232056
Step: 32	 Data: torch.Size([10, 384])	 Training Loss: 1.04697847366333
Step: 33	 Data: torch.Size([10, 384])	 Training Loss: 1.015527606010437
Step: 34	 Data: torch.Size([10, 384])	 Training Loss: 1.1264684200286865
Step: 35	 Data: torch.Size([10, 384])	 Training Loss: 1.163822889328003
Step: 36	 Data: torch.Size([10, 384])	 Training Loss: 0.9580402970314026
Step: 37	 Data: torch.Size([10, 384])	 Training Loss: 1.15606689453125
Step: 38	 Data: torch.Size([10, 384])	 Training Loss: 1.4473292827606201
Step: 39	 Data: torch.Size([10, 384])	 Training Loss: 1.2801313400268555
Step: 40	 Data: torch.Size([10, 384])	 Training Loss: 1.1215351819992065
Step: 41	 Data: torch.Size([10, 384])	 Training Loss: 1.1384435892105103
Step: 42	 Data: torch.Size([10, 384])	 Training Loss: 1.0303258895874023
Step: 43	 Data: torch.Size([10, 384])	 Training Loss: 1.1316512823104858
Step: 44	 Data: torch.Size([10, 384])	 Training Loss: 0.9786365628242493
Step: 45	 Data: torch.Size([10, 384])	 Training Loss: 0.9349749684333801
Step: 46	 Data: torch.Size([10, 384])	 Training Loss: 1.1539536714553833
Step: 47	 Data: torch.Size([10, 384])	 Training Loss: 1.2611055374145508
Step: 48	 Data: torch.Size([10, 384])	 Training Loss: 0.9952040910720825
Step: 49	 Data: torch.Size([10, 384])	 Training Loss: 1.020006537437439
Step: 50	 Data: torch.Size([10, 384])	 Training Loss: 1.0397357940673828
Step: 51	 Data: torch.Size([10, 384])	 Training Loss: 0.9518275260925293
Step: 52	 Data: torch.Size([10, 384])	 Training Loss: 0.9484188556671143
Step: 53	 Data: torch.Size([10, 384])	 Training Loss: 1.0053545236587524
Step: 54	 Data: torch.Size([10, 384])	 Training Loss: 1.072405457496643
Step: 55	 Data: torch.Size([10, 384])	 Training Loss: 1.302762746810913
Step: 56	 Data: torch.Size([10, 384])	 Training Loss: 1.2104029655456543
Step: 57	 Data: torch.Size([10, 384])	 Training Loss: 1.03183913230896
Step: 58	 Data: torch.Size([10, 384])	 Training Loss: 1.2146952152252197
Step: 59	 Data: torch.Size([10, 384])	 Training Loss: 1.0504810810089111
Step: 60	 Data: torch.Size([10, 384])	 Training Loss: 1.0861765146255493
Step: 61	 Data: torch.Size([10, 384])	 Training Loss: 0.9797918200492859
Step: 62	 Data: torch.Size([10, 384])	 Training Loss: 0.9742876291275024
Step: 63	 Data: torch.Size([10, 384])	 Training Loss: 0.9649218320846558
Step: 64	 Data: torch.Size([10, 384])	 Training Loss: 1.0451644659042358
Step: 65	 Data: torch.Size([10, 384])	 Training Loss: 1.024178147315979
Step: 66	 Data: torch.Size([10, 384])	 Training Loss: 1.1347249746322632
Step: 67	 Data: torch.Size([10, 384])	 Training Loss: 0.9607701301574707
Step: 68	 Data: torch.Size([10, 384])	 Training Loss: 1.0235679149627686
Step: 69	 Data: torch.Size([10, 384])	 Training Loss: 1.109018087387085
Step: 70	 Data: torch.Size([10, 384])	 Training Loss: 1.0391371250152588
Step: 71	 Data: torch.Size([10, 384])	 Training Loss: 1.0119209289550781
Step: 72	 Data: torch.Size([10, 384])	 Training Loss: 0.9311702847480774
Step: 73	 Data: torch.Size([10, 384])	 Training Loss: 0.9235119223594666
Step: 74	 Data: torch.Size([10, 384])	 Training Loss: 0.9429091811180115
Step: 75	 Data: torch.Size([10, 384])	 Training Loss: 1.111905574798584
Step: 76	 Data: torch.Size([10, 384])	 Training Loss: 0.9103832840919495
Step: 77	 Data: torch.Size([10, 384])	 Training Loss: 1.0509860515594482
Step: 78	 Data: torch.Size([10, 384])	 Training Loss: 1.0538662672042847
Step: 79	 Data: torch.Size([10, 384])	 Training Loss: 1.2052160501480103
Step: 80	 Data: torch.Size([10, 384])	 Training Loss: 1.0076181888580322
Step: 81	 Data: torch.Size([10, 384])	 Training Loss: 1.0361452102661133
Step: 82	 Data: torch.Size([10, 384])	 Training Loss: 1.0475044250488281
Step: 83	 Data: torch.Size([10, 384])	 Training Loss: 1.1275323629379272
Step: 84	 Data: torch.Size([10, 384])	 Training Loss: 1.0887314081192017
Step: 85	 Data: torch.Size([10, 384])	 Training Loss: 1.0550730228424072
Step: 86	 Data: torch.Size([10, 384])	 Training Loss: 1.1871907711029053
Step: 87	 Data: torch.Size([10, 384])	 Training Loss: 1.0295348167419434
Step: 88	 Data: torch.Size([10, 384])	 Training Loss: 1.131764531135559
Step: 89	 Data: torch.Size([10, 384])	 Training Loss: 0.9631014466285706
Step: 90	 Data: torch.Size([10, 384])	 Training Loss: 1.1377971172332764
Step: 91	 Data: torch.Size([10, 384])	 Training Loss: 0.8939307332038879
Step: 92	 Data: torch.Size([10, 384])	 Training Loss: 0.9166166186332703
Step: 93	 Data: torch.Size([10, 384])	 Training Loss: 0.9161285161972046
Step: 94	 Data: torch.Size([10, 384])	 Training Loss: 0.8534711003303528
Step: 95	 Data: torch.Size([10, 384])	 Training Loss: 0.9153984785079956
Step: 96	 Data: torch.Size([10, 384])	 Training Loss: 0.9823644161224365
Step: 97	 Data: torch.Size([10, 384])	 Training Loss: 0.9996144771575928
Step: 98	 Data: torch.Size([10, 384])	 Training Loss: 1.1260098218917847
Step: 99	 Data: torch.Size([10, 384])	 Training Loss: 0.9416911602020264
Step: 100	 Data: torch.Size([10, 384])	 Training Loss: 0.9713449478149414
Step: 101	 Data: torch.Size([10, 384])	 Training Loss: 1.0600783824920654
Step: 102	 Data: torch.Size([10, 384])	 Training Loss: 1.038297414779663
Step: 103	 Data: torch.Size([10, 384])	 Training Loss: 0.9936209917068481
Step: 104	 Data: torch.Size([10, 384])	 Training Loss: 1.116408109664917
Step: 105	 Data: torch.Size([10, 384])	 Training Loss: 1.031368374824524
Step: 106	 Data: torch.Size([10, 384])	 Training Loss: 0.9656797647476196
Step: 107	 Data: torch.Size([10, 384])	 Training Loss: 1.022821307182312
Step: 108	 Data: torch.Size([10, 384])	 Training Loss: 0.8749614357948303
Step: 109	 Data: torch.Size([10, 384])	 Training Loss: 1.0670673847198486
Step: 110	 Data: torch.Size([10, 384])	 Training Loss: 1.047394037246704
Step: 111	 Data: torch.Size([10, 384])	 Training Loss: 0.8502792119979858
Step: 112	 Data: torch.Size([10, 384])	 Training Loss: 1.0280547142028809
Step: 113	 Data: torch.Size([10, 384])	 Training Loss: 0.9657062888145447
Step: 114	 Data: torch.Size([10, 349])	 Training Loss: 0.9723597764968872
Step: 115	 Data: torch.Size([10, 384])	 Training Loss: 0.813665509223938
Step: 116	 Data: torch.Size([10, 384])	 Training Loss: 0.9808153510093689
Step: 117	 Data: torch.Size([10, 384])	 Training Loss: 1.259887456893921
Step: 118	 Data: torch.Size([10, 384])	 Training Loss: 0.8865519165992737
Step: 119	 Data: torch.Size([10, 384])	 Training Loss: 0.9058937430381775
Step: 120	 Data: torch.Size([10, 384])	 Training Loss: 0.9286769032478333
Step: 121	 Data: torch.Size([10, 384])	 Training Loss: 0.8995141386985779
Step: 122	 Data: torch.Size([10, 384])	 Training Loss: 0.9925709366798401
Step: 123	 Data: torch.Size([10, 384])	 Training Loss: 0.9751180410385132
Step: 124	 Data: torch.Size([10, 384])	 Training Loss: 1.036010503768921
Step: 125	 Data: torch.Size([10, 384])	 Training Loss: 1.0020593404769897
Step: 126	 Data: torch.Size([10, 384])	 Training Loss: 1.092427372932434
Step: 127	 Data: torch.Size([10, 384])	 Training Loss: 0.8950807452201843
Step: 128	 Data: torch.Size([10, 384])	 Training Loss: 0.8783712983131409
Step: 129	 Data: torch.Size([10, 384])	 Training Loss: 0.9616340398788452
Step: 130	 Data: torch.Size([10, 384])	 Training Loss: 0.8631412982940674
Step: 131	 Data: torch.Size([10, 384])	 Training Loss: 1.0256664752960205
Step: 132	 Data: torch.Size([10, 384])	 Training Loss: 0.9900948405265808
Step: 133	 Data: torch.Size([10, 384])	 Training Loss: 0.9543660879135132
Step: 134	 Data: torch.Size([10, 384])	 Training Loss: 0.8408761024475098
Step: 135	 Data: torch.Size([10, 384])	 Training Loss: 1.0162135362625122
Step: 136	 Data: torch.Size([10, 384])	 Training Loss: 0.9084436297416687
Step: 137	 Data: torch.Size([10, 384])	 Training Loss: 1.018492341041565
Step: 138	 Data: torch.Size([10, 384])	 Training Loss: 0.9270424246788025
Step: 139	 Data: torch.Size([10, 384])	 Training Loss: 0.988406240940094
Step: 140	 Data: torch.Size([10, 384])	 Training Loss: 0.9656929969787598
Step: 141	 Data: torch.Size([10, 384])	 Training Loss: 1.0435655117034912
Step: 142	 Data: torch.Size([10, 384])	 Training Loss: 1.0055480003356934
Step: 143	 Data: torch.Size([10, 384])	 Training Loss: 1.0324772596359253
Step: 144	 Data: torch.Size([10, 384])	 Training Loss: 1.0359578132629395
Step: 145	 Data: torch.Size([10, 384])	 Training Loss: 0.8760848045349121
Step: 146	 Data: torch.Size([10, 384])	 Training Loss: 0.8339497447013855
Step: 147	 Data: torch.Size([10, 384])	 Training Loss: 0.9345852732658386
Step: 148	 Data: torch.Size([10, 384])	 Training Loss: 0.884596049785614
Step: 149	 Data: torch.Size([10, 384])	 Training Loss: 1.0891326665878296
Step: 150	 Data: torch.Size([10, 384])	 Training Loss: 0.8771669864654541
Step: 151	 Data: torch.Size([10, 384])	 Training Loss: 0.8213004469871521
Step: 152	 Data: torch.Size([10, 384])	 Training Loss: 0.9471830725669861
Step: 153	 Data: torch.Size([10, 384])	 Training Loss: 1.1453957557678223
Step: 154	 Data: torch.Size([10, 384])	 Training Loss: 0.878588080406189
Step: 155	 Data: torch.Size([10, 384])	 Training Loss: 0.9867802858352661
Step: 156	 Data: torch.Size([10, 384])	 Training Loss: 1.0000215768814087
Step: 157	 Data: torch.Size([10, 384])	 Training Loss: 0.9320793151855469
Step: 158	 Data: torch.Size([10, 384])	 Training Loss: 0.8522173762321472
Step: 159	 Data: torch.Size([10, 384])	 Training Loss: 1.074771761894226
Step: 160	 Data: torch.Size([10, 384])	 Training Loss: 1.0145151615142822
Step: 161	 Data: torch.Size([10, 384])	 Training Loss: 0.8923296928405762
Step: 162	 Data: torch.Size([10, 384])	 Training Loss: 0.9096941947937012
Step: 163	 Data: torch.Size([10, 384])	 Training Loss: 0.9515202045440674
Step: 164	 Data: torch.Size([10, 384])	 Training Loss: 0.8581268191337585
Step: 165	 Data: torch.Size([10, 384])	 Training Loss: 0.9314863681793213
Step: 166	 Data: torch.Size([10, 384])	 Training Loss: 1.035339117050171
Step: 167	 Data: torch.Size([10, 384])	 Training Loss: 0.7813991904258728
Step: 168	 Data: torch.Size([10, 384])	 Training Loss: 0.9911921620368958
Step: 169	 Data: torch.Size([10, 384])	 Training Loss: 0.9230805039405823
Step: 170	 Data: torch.Size([10, 384])	 Training Loss: 0.9171168208122253
Step: 171	 Data: torch.Size([10, 384])	 Training Loss: 0.9427048563957214
Step: 172	 Data: torch.Size([10, 384])	 Training Loss: 0.8877533078193665
Step: 173	 Data: torch.Size([10, 384])	 Training Loss: 1.1044135093688965
Step: 174	 Data: torch.Size([10, 384])	 Training Loss: 0.9338470697402954
Step: 175	 Data: torch.Size([10, 384])	 Training Loss: 1.078958511352539
Step: 176	 Data: torch.Size([10, 384])	 Training Loss: 0.823917806148529
Step: 177	 Data: torch.Size([10, 346])	 Training Loss: 0.9453978538513184
Step: 178	 Data: torch.Size([10, 384])	 Training Loss: 0.8124350905418396
Step: 179	 Data: torch.Size([10, 384])	 Training Loss: 0.8710800409317017
Step: 180	 Data: torch.Size([10, 384])	 Training Loss: 0.925997793674469
Step: 181	 Data: torch.Size([10, 384])	 Training Loss: 0.9310698509216309
Step: 182	 Data: torch.Size([10, 384])	 Training Loss: 0.9626660943031311
Step: 183	 Data: torch.Size([10, 384])	 Training Loss: 0.8941008448600769
Step: 184	 Data: torch.Size([10, 384])	 Training Loss: 1.1192584037780762
Step: 185	 Data: torch.Size([10, 384])	 Training Loss: 1.062567949295044
Step: 186	 Data: torch.Size([10, 384])	 Training Loss: 0.9464203715324402
Step: 187	 Data: torch.Size([10, 384])	 Training Loss: 1.0573062896728516
Step: 188	 Data: torch.Size([10, 384])	 Training Loss: 0.9429451823234558
Step: 189	 Data: torch.Size([10, 384])	 Training Loss: 0.99906986951828
Step: 190	 Data: torch.Size([10, 384])	 Training Loss: 0.9912763237953186
Step: 191	 Data: torch.Size([10, 384])	 Training Loss: 1.0203627347946167
Step: 192	 Data: torch.Size([10, 384])	 Training Loss: 0.8392708897590637
Step: 193	 Data: torch.Size([10, 384])	 Training Loss: 0.8925741910934448
Step: 194	 Data: torch.Size([10, 384])	 Training Loss: 1.0402247905731201
Step: 195	 Data: torch.Size([10, 384])	 Training Loss: 0.9498498439788818
Step: 196	 Data: torch.Size([10, 384])	 Training Loss: 0.9847463369369507
Step: 197	 Data: torch.Size([10, 384])	 Training Loss: 0.9839211702346802
Step: 198	 Data: torch.Size([10, 384])	 Training Loss: 0.857369065284729
Step: 199	 Data: torch.Size([10, 384])	 Training Loss: 0.8786381483078003
Step: 200	 Data: torch.Size([10, 384])	 Training Loss: 0.8318919539451599
Step: 201	 Data: torch.Size([10, 384])	 Training Loss: 0.9769639372825623
Step: 202	 Data: torch.Size([10, 277])	 Training Loss: 1.130323052406311
Step: 203	 Data: torch.Size([10, 384])	 Training Loss: 0.9623017907142639
Step: 204	 Data: torch.Size([10, 384])	 Training Loss: 0.9416465759277344
Step: 205	 Data: torch.Size([10, 384])	 Training Loss: 1.0869892835617065
Step: 206	 Data: torch.Size([10, 356])	 Training Loss: 0.9459702968597412
Step: 207	 Data: torch.Size([10, 384])	 Training Loss: 0.9374091029167175
Step: 208	 Data: torch.Size([10, 384])	 Training Loss: 0.794792890548706
Step: 209	 Data: torch.Size([10, 384])	 Training Loss: 0.8758488893508911
Step: 210	 Data: torch.Size([10, 384])	 Training Loss: 1.0311684608459473
Step: 211	 Data: torch.Size([10, 355])	 Training Loss: 0.9200660586357117
Step: 212	 Data: torch.Size([10, 384])	 Training Loss: 0.8934890031814575
Step: 213	 Data: torch.Size([10, 384])	 Training Loss: 1.1110410690307617
Step: 214	 Data: torch.Size([10, 384])	 Training Loss: 0.9216896891593933
Step: 215	 Data: torch.Size([10, 384])	 Training Loss: 0.8636598587036133
Step: 216	 Data: torch.Size([10, 384])	 Training Loss: 0.8266010880470276
Step: 217	 Data: torch.Size([10, 384])	 Training Loss: 0.8918982148170471
Step: 218	 Data: torch.Size([10, 384])	 Training Loss: 0.9161126613616943
Step: 219	 Data: torch.Size([10, 384])	 Training Loss: 0.9210024476051331
Step: 220	 Data: torch.Size([10, 384])	 Training Loss: 0.8592562675476074
Step: 221	 Data: torch.Size([10, 384])	 Training Loss: 0.9757733941078186
Step: 222	 Data: torch.Size([10, 384])	 Training Loss: 0.9182698130607605
Step: 223	 Data: torch.Size([10, 384])	 Training Loss: 0.9638662934303284
Step: 224	 Data: torch.Size([10, 384])	 Training Loss: 0.8931410312652588
Step: 225	 Data: torch.Size([10, 384])	 Training Loss: 0.9101018905639648
Step: 226	 Data: torch.Size([10, 384])	 Training Loss: 1.080019474029541
Step: 227	 Data: torch.Size([10, 384])	 Training Loss: 0.9788787961006165
Step: 228	 Data: torch.Size([10, 384])	 Training Loss: 0.7763319611549377
Step: 229	 Data: torch.Size([10, 384])	 Training Loss: 0.9357527494430542
Step: 230	 Data: torch.Size([10, 384])	 Training Loss: 0.9525985717773438
Step: 231	 Data: torch.Size([10, 384])	 Training Loss: 0.7666147351264954
Step: 232	 Data: torch.Size([10, 384])	 Training Loss: 0.9109610915184021
Step: 233	 Data: torch.Size([10, 384])	 Training Loss: 0.8844273090362549
Step: 234	 Data: torch.Size([10, 384])	 Training Loss: 1.1632862091064453
Step: 235	 Data: torch.Size([10, 384])	 Training Loss: 0.9692575335502625
Step: 236	 Data: torch.Size([10, 384])	 Training Loss: 1.0220001935958862
Step: 237	 Data: torch.Size([10, 384])	 Training Loss: 0.953985333442688
Step: 238	 Data: torch.Size([10, 384])	 Training Loss: 1.0039466619491577
Step: 239	 Data: torch.Size([10, 384])	 Training Loss: 1.028309941291809
Step: 240	 Data: torch.Size([10, 384])	 Training Loss: 0.9830387830734253
Step: 241	 Data: torch.Size([10, 384])	 Training Loss: 1.067705750465393
Step: 242	 Data: torch.Size([10, 384])	 Training Loss: 0.9757741093635559
Step: 243	 Data: torch.Size([10, 384])	 Training Loss: 0.9855992794036865
Step: 244	 Data: torch.Size([10, 384])	 Training Loss: 0.8935751914978027
Step: 245	 Data: torch.Size([10, 384])	 Training Loss: 0.9633346199989319
Step: 246	 Data: torch.Size([10, 384])	 Training Loss: 1.1033324003219604
Step: 247	 Data: torch.Size([10, 384])	 Training Loss: 0.9598268270492554
Step: 248	 Data: torch.Size([10, 384])	 Training Loss: 1.021896243095398
Step: 249	 Data: torch.Size([10, 384])	 Training Loss: 1.082844614982605
Step: 250	 Data: torch.Size([10, 340])	 Training Loss: 1.1444587707519531
Step: 251	 Data: torch.Size([10, 384])	 Training Loss: 0.9828360080718994
Step: 252	 Data: torch.Size([10, 384])	 Training Loss: 0.8518000841140747
Step: 253	 Data: torch.Size([10, 384])	 Training Loss: 1.004845380783081
Step: 254	 Data: torch.Size([10, 384])	 Training Loss: 0.8643447756767273
Step: 255	 Data: torch.Size([10, 384])	 Training Loss: 0.9507735371589661
Step: 256	 Data: torch.Size([10, 384])	 Training Loss: 0.9406636357307434
Step: 257	 Data: torch.Size([10, 384])	 Training Loss: 0.9327481985092163
Step: 258	 Data: torch.Size([10, 384])	 Training Loss: 0.8913140296936035
Step: 259	 Data: torch.Size([10, 384])	 Training Loss: 0.9082042574882507
Step: 260	 Data: torch.Size([10, 384])	 Training Loss: 0.8936998844146729
Step: 261	 Data: torch.Size([10, 384])	 Training Loss: 0.8318130970001221
Step: 262	 Data: torch.Size([10, 384])	 Training Loss: 0.923530101776123
Step: 263	 Data: torch.Size([10, 384])	 Training Loss: 0.9264706969261169
Step: 264	 Data: torch.Size([10, 384])	 Training Loss: 0.8298414945602417
Step: 265	 Data: torch.Size([10, 384])	 Training Loss: 0.8510464429855347
Step: 266	 Data: torch.Size([10, 384])	 Training Loss: 0.9961422085762024
Step: 267	 Data: torch.Size([10, 384])	 Training Loss: 0.8746213912963867
Step: 268	 Data: torch.Size([10, 384])	 Training Loss: 0.9101306200027466
Step: 269	 Data: torch.Size([10, 384])	 Training Loss: 0.9839193224906921
Step: 270	 Data: torch.Size([10, 384])	 Training Loss: 0.9388021230697632
Step: 271	 Data: torch.Size([10, 384])	 Training Loss: 0.9068557024002075
Step: 272	 Data: torch.Size([10, 384])	 Training Loss: 1.012179970741272
Step: 273	 Data: torch.Size([10, 384])	 Training Loss: 0.9232723712921143
Step: 274	 Data: torch.Size([10, 384])	 Training Loss: 1.013519048690796
Step: 275	 Data: torch.Size([10, 384])	 Training Loss: 0.930662214756012
Step: 276	 Data: torch.Size([10, 384])	 Training Loss: 0.9744334816932678
Step: 277	 Data: torch.Size([10, 384])	 Training Loss: 0.9108517169952393
Step: 278	 Data: torch.Size([10, 384])	 Training Loss: 0.9467723369598389
Step: 279	 Data: torch.Size([10, 384])	 Training Loss: 0.9147099256515503
Step: 280	 Data: torch.Size([10, 384])	 Training Loss: 0.7982512712478638
Step: 281	 Data: torch.Size([10, 384])	 Training Loss: 1.0884729623794556
Step: 282	 Data: torch.Size([10, 384])	 Training Loss: 0.9274884462356567
Step: 283	 Data: torch.Size([10, 384])	 Training Loss: 0.853140652179718
Step: 284	 Data: torch.Size([10, 384])	 Training Loss: 1.0459725856781006
Step: 285	 Data: torch.Size([10, 384])	 Training Loss: 0.8475356698036194
Step: 286	 Data: torch.Size([10, 384])	 Training Loss: 0.9908804893493652
Step: 287	 Data: torch.Size([10, 384])	 Training Loss: 0.972429633140564
Step: 288	 Data: torch.Size([10, 384])	 Training Loss: 1.0086146593093872
Step: 289	 Data: torch.Size([10, 384])	 Training Loss: 0.9399968981742859
Step: 290	 Data: torch.Size([10, 384])	 Training Loss: 0.9113688468933105
Step: 291	 Data: torch.Size([10, 384])	 Training Loss: 0.9301328659057617
Step: 292	 Data: torch.Size([10, 384])	 Training Loss: 0.8039014339447021
Step: 293	 Data: torch.Size([10, 372])	 Training Loss: 0.8415672183036804
Step: 294	 Data: torch.Size([10, 384])	 Training Loss: 1.0397454500198364
Step: 295	 Data: torch.Size([10, 384])	 Training Loss: 0.8584064245223999
Step: 296	 Data: torch.Size([10, 384])	 Training Loss: 0.9269391894340515
Step: 297	 Data: torch.Size([10, 213])	 Training Loss: 1.0751291513442993
Step: 298	 Data: torch.Size([10, 384])	 Training Loss: 1.0115132331848145
Step: 299	 Data: torch.Size([10, 384])	 Training Loss: 0.8687705397605896
Step: 300	 Data: torch.Size([10, 384])	 Training Loss: 1.034855604171753
Step: 301	 Data: torch.Size([10, 384])	 Training Loss: 1.0798914432525635
Step: 302	 Data: torch.Size([10, 384])	 Training Loss: 0.8969109058380127
Step: 303	 Data: torch.Size([10, 384])	 Training Loss: 0.9356169700622559
Step: 304	 Data: torch.Size([10, 384])	 Training Loss: 0.8861385583877563
Step: 305	 Data: torch.Size([10, 384])	 Training Loss: 0.8799498677253723
Step: 306	 Data: torch.Size([10, 384])	 Training Loss: 1.0780092477798462
Step: 307	 Data: torch.Size([10, 384])	 Training Loss: 0.9569942951202393
Step: 308	 Data: torch.Size([10, 384])	 Training Loss: 1.1086307764053345
Step: 309	 Data: torch.Size([10, 384])	 Training Loss: 0.9788368940353394
Step: 310	 Data: torch.Size([10, 384])	 Training Loss: 0.9976750016212463
Step: 311	 Data: torch.Size([10, 384])	 Training Loss: 0.9831753969192505
Step: 312	 Data: torch.Size([10, 384])	 Training Loss: 0.8578161001205444
Step: 313	 Data: torch.Size([10, 384])	 Training Loss: 0.9260711669921875
Step: 314	 Data: torch.Size([10, 384])	 Training Loss: 0.9629723429679871
Step: 315	 Data: torch.Size([10, 384])	 Training Loss: 0.9992309808731079
Step: 316	 Data: torch.Size([10, 384])	 Training Loss: 0.8270792365074158
Step: 317	 Data: torch.Size([10, 384])	 Training Loss: 0.8997865319252014
Step: 318	 Data: torch.Size([10, 384])	 Training Loss: 1.140976905822754
Step: 319	 Data: torch.Size([10, 384])	 Training Loss: 0.9652847051620483
Step: 320	 Data: torch.Size([10, 384])	 Training Loss: 1.233801007270813
Step: 321	 Data: torch.Size([10, 384])	 Training Loss: 0.9911178350448608
Step: 322	 Data: torch.Size([10, 384])	 Training Loss: 1.149011492729187
Step: 323	 Data: torch.Size([10, 384])	 Training Loss: 0.9448707699775696
Step: 324	 Data: torch.Size([10, 384])	 Training Loss: 0.9013320803642273
Step: 325	 Data: torch.Size([10, 384])	 Training Loss: 0.8275446891784668
Step: 326	 Data: torch.Size([10, 384])	 Training Loss: 0.8151443004608154
Step: 327	 Data: torch.Size([10, 384])	 Training Loss: 0.8003309965133667
Step: 328	 Data: torch.Size([10, 384])	 Training Loss: 1.1289976835250854
Step: 329	 Data: torch.Size([10, 384])	 Training Loss: 1.115982174873352
Step: 330	 Data: torch.Size([10, 384])	 Training Loss: 0.948432981967926
Step: 331	 Data: torch.Size([10, 384])	 Training Loss: 0.7873439788818359
Step: 332	 Data: torch.Size([10, 384])	 Training Loss: 0.9999069571495056
Step: 333	 Data: torch.Size([10, 384])	 Training Loss: 0.9564386606216431
Step: 334	 Data: torch.Size([10, 384])	 Training Loss: 0.9713870882987976
Step: 335	 Data: torch.Size([10, 384])	 Training Loss: 0.8284425735473633
Step: 336	 Data: torch.Size([10, 384])	 Training Loss: 0.8236017823219299
Step: 337	 Data: torch.Size([10, 384])	 Training Loss: 1.091465950012207
Step: 338	 Data: torch.Size([10, 384])	 Training Loss: 1.0479494333267212
Step: 339	 Data: torch.Size([10, 384])	 Training Loss: 0.9310337901115417
Step: 340	 Data: torch.Size([10, 384])	 Training Loss: 0.8152024745941162
Step: 341	 Data: torch.Size([10, 384])	 Training Loss: 0.8231709003448486
Step: 342	 Data: torch.Size([10, 384])	 Training Loss: 0.9717225432395935
Step: 343	 Data: torch.Size([10, 384])	 Training Loss: 1.0517014265060425
Step: 344	 Data: torch.Size([10, 384])	 Training Loss: 1.0835918188095093
Step: 345	 Data: torch.Size([10, 384])	 Training Loss: 0.9886515736579895
Step: 346	 Data: torch.Size([10, 384])	 Training Loss: 0.93565434217453
Step: 347	 Data: torch.Size([10, 384])	 Training Loss: 1.0626657009124756
Step: 348	 Data: torch.Size([10, 384])	 Training Loss: 0.954433798789978
Step: 349	 Data: torch.Size([10, 384])	 Training Loss: 0.8771401643753052
Step: 350	 Data: torch.Size([10, 384])	 Training Loss: 0.9033949375152588
Step: 351	 Data: torch.Size([10, 384])	 Training Loss: 0.8701035380363464
Step: 352	 Data: torch.Size([10, 384])	 Training Loss: 0.9044286012649536
Step: 353	 Data: torch.Size([10, 384])	 Training Loss: 0.9699562191963196
Step: 354	 Data: torch.Size([10, 384])	 Training Loss: 0.9583725929260254
Step: 355	 Data: torch.Size([10, 384])	 Training Loss: 0.8673301339149475
Step: 356	 Data: torch.Size([10, 384])	 Training Loss: 1.090111255645752
Step: 357	 Data: torch.Size([10, 384])	 Training Loss: 0.9802255034446716
Step: 358	 Data: torch.Size([10, 384])	 Training Loss: 1.0354232788085938
Step: 359	 Data: torch.Size([10, 384])	 Training Loss: 0.9646716713905334
Step: 360	 Data: torch.Size([10, 384])	 Training Loss: 0.9734938144683838
Step: 361	 Data: torch.Size([10, 384])	 Training Loss: 0.8233988285064697
Step: 362	 Data: torch.Size([10, 384])	 Training Loss: 0.8173100352287292
Step: 363	 Data: torch.Size([10, 384])	 Training Loss: 0.9332075119018555
Step: 364	 Data: torch.Size([10, 384])	 Training Loss: 0.9867743849754333
Step: 365	 Data: torch.Size([10, 384])	 Training Loss: 0.8198598623275757
Step: 366	 Data: torch.Size([10, 384])	 Training Loss: 0.7793795466423035
Step: 367	 Data: torch.Size([10, 384])	 Training Loss: 0.8956692814826965
Step: 368	 Data: torch.Size([10, 384])	 Training Loss: 1.0211961269378662
Step: 369	 Data: torch.Size([10, 384])	 Training Loss: 0.9882683157920837
Step: 370	 Data: torch.Size([10, 384])	 Training Loss: 0.9123817682266235
Step: 371	 Data: torch.Size([10, 384])	 Training Loss: 0.8431001901626587
Step: 372	 Data: torch.Size([10, 384])	 Training Loss: 1.0048128366470337
Step: 373	 Data: torch.Size([10, 384])	 Training Loss: 0.9582319855690002
Step: 374	 Data: torch.Size([10, 384])	 Training Loss: 0.872011661529541
Step: 375	 Data: torch.Size([10, 384])	 Training Loss: 0.8425772786140442
Step: 376	 Data: torch.Size([10, 384])	 Training Loss: 0.8776410222053528
Step: 377	 Data: torch.Size([10, 384])	 Training Loss: 0.9770235419273376
Step: 378	 Data: torch.Size([10, 384])	 Training Loss: 0.911592960357666
Step: 379	 Data: torch.Size([10, 384])	 Training Loss: 0.8462913036346436
Step: 380	 Data: torch.Size([10, 384])	 Training Loss: 1.0080026388168335
Step: 381	 Data: torch.Size([10, 384])	 Training Loss: 0.8718575239181519
Step: 382	 Data: torch.Size([10, 384])	 Training Loss: 0.8922117352485657
Step: 383	 Data: torch.Size([10, 384])	 Training Loss: 0.9323461055755615
Step: 384	 Data: torch.Size([10, 384])	 Training Loss: 0.8167439699172974
Step: 385	 Data: torch.Size([10, 384])	 Training Loss: 0.8376445770263672
Step: 386	 Data: torch.Size([10, 384])	 Training Loss: 0.9863154292106628
Step: 387	 Data: torch.Size([10, 384])	 Training Loss: 0.8556767702102661
Step: 388	 Data: torch.Size([10, 384])	 Training Loss: 0.9388041496276855
Step: 389	 Data: torch.Size([10, 384])	 Training Loss: 1.1445664167404175
Step: 390	 Data: torch.Size([10, 384])	 Training Loss: 0.8898383975028992
Step: 391	 Data: torch.Size([10, 384])	 Training Loss: 1.0963174104690552
Step: 392	 Data: torch.Size([10, 384])	 Training Loss: 0.9522843360900879
Step: 393	 Data: torch.Size([10, 384])	 Training Loss: 0.914962887763977
Step: 394	 Data: torch.Size([10, 270])	 Training Loss: 0.8540763854980469
Step: 395	 Data: torch.Size([10, 384])	 Training Loss: 0.9414761662483215
Step: 396	 Data: torch.Size([10, 384])	 Training Loss: 0.8881301879882812
Step: 397	 Data: torch.Size([10, 384])	 Training Loss: 0.8957048654556274
Step: 398	 Data: torch.Size([10, 384])	 Training Loss: 0.9471304416656494
Step: 399	 Data: torch.Size([10, 384])	 Training Loss: 0.9963839054107666
Step: 400	 Data: torch.Size([10, 384])	 Training Loss: 0.9777315855026245
Step: 401	 Data: torch.Size([10, 384])	 Training Loss: 0.9838482737541199
Step: 402	 Data: torch.Size([10, 384])	 Training Loss: 0.8333428502082825
Step: 403	 Data: torch.Size([10, 384])	 Training Loss: 0.9876008629798889
Step: 404	 Data: torch.Size([10, 384])	 Training Loss: 0.9679273366928101
Step: 405	 Data: torch.Size([10, 384])	 Training Loss: 1.107849359512329
Step: 406	 Data: torch.Size([10, 384])	 Training Loss: 1.008126139640808
Step: 407	 Data: torch.Size([10, 384])	 Training Loss: 0.8676247596740723
Step: 408	 Data: torch.Size([10, 384])	 Training Loss: 0.9141460061073303
Step: 409	 Data: torch.Size([10, 384])	 Training Loss: 0.8199648857116699
Step: 410	 Data: torch.Size([10, 384])	 Training Loss: 0.8865334987640381
Step: 411	 Data: torch.Size([10, 384])	 Training Loss: 0.9037424325942993
Step: 412	 Data: torch.Size([10, 384])	 Training Loss: 1.006761074066162
Step: 413	 Data: torch.Size([10, 384])	 Training Loss: 0.9381611943244934
Step: 414	 Data: torch.Size([10, 384])	 Training Loss: 0.9650037288665771
Step: 415	 Data: torch.Size([10, 384])	 Training Loss: 0.8966485857963562
Step: 416	 Data: torch.Size([10, 384])	 Training Loss: 1.037734866142273
Step: 417	 Data: torch.Size([10, 384])	 Training Loss: 0.922398567199707
Step: 418	 Data: torch.Size([10, 384])	 Training Loss: 1.0195363759994507
Step: 419	 Data: torch.Size([10, 384])	 Training Loss: 0.9354543685913086
Step: 420	 Data: torch.Size([10, 384])	 Training Loss: 0.7985187768936157
Step: 421	 Data: torch.Size([10, 384])	 Training Loss: 0.8229565024375916
Step: 422	 Data: torch.Size([10, 384])	 Training Loss: 0.9071832895278931
Step: 423	 Data: torch.Size([10, 384])	 Training Loss: 0.827365517616272
Step: 424	 Data: torch.Size([10, 384])	 Training Loss: 0.835572361946106
Step: 425	 Data: torch.Size([10, 384])	 Training Loss: 0.8976292014122009
Step: 426	 Data: torch.Size([10, 384])	 Training Loss: 0.8502929210662842
Step: 427	 Data: torch.Size([10, 384])	 Training Loss: 0.9862068891525269
Step: 428	 Data: torch.Size([10, 384])	 Training Loss: 0.8809064030647278
Step: 429	 Data: torch.Size([10, 384])	 Training Loss: 0.8663386106491089
Step: 430	 Data: torch.Size([10, 384])	 Training Loss: 0.956240713596344
Step: 431	 Data: torch.Size([10, 384])	 Training Loss: 0.8389170169830322
Step: 432	 Data: torch.Size([10, 384])	 Training Loss: 0.9667825698852539
Step: 433	 Data: torch.Size([10, 384])	 Training Loss: 0.8649927377700806
Step: 434	 Data: torch.Size([10, 384])	 Training Loss: 0.9786267876625061
Step: 435	 Data: torch.Size([10, 384])	 Training Loss: 0.7615746855735779
Step: 436	 Data: torch.Size([10, 384])	 Training Loss: 0.8372037410736084
Step: 437	 Data: torch.Size([10, 384])	 Training Loss: 0.9919144511222839
Step: 438	 Data: torch.Size([10, 384])	 Training Loss: 0.989414632320404
Step: 439	 Data: torch.Size([10, 384])	 Training Loss: 1.1207941770553589
Step: 440	 Data: torch.Size([10, 384])	 Training Loss: 0.8738858699798584
Step: 441	 Data: torch.Size([10, 384])	 Training Loss: 0.9248717427253723
Step: 442	 Data: torch.Size([10, 384])	 Training Loss: 1.0038466453552246
Step: 443	 Data: torch.Size([10, 384])	 Training Loss: 0.8594890832901001
Step: 444	 Data: torch.Size([10, 384])	 Training Loss: 0.9243288636207581
Step: 445	 Data: torch.Size([10, 384])	 Training Loss: 1.0102006196975708
Step: 446	 Data: torch.Size([10, 384])	 Training Loss: 0.9752679467201233
Step: 447	 Data: torch.Size([10, 384])	 Training Loss: 0.977103054523468
Step: 448	 Data: torch.Size([10, 384])	 Training Loss: 0.8014299869537354
Step: 449	 Data: torch.Size([10, 384])	 Training Loss: 1.0805902481079102
Step: 450	 Data: torch.Size([10, 384])	 Training Loss: 0.8803403377532959
Step: 451	 Data: torch.Size([10, 384])	 Training Loss: 0.9331746697425842
Step: 452	 Data: torch.Size([10, 384])	 Training Loss: 0.8652425408363342
Step: 453	 Data: torch.Size([10, 384])	 Training Loss: 0.9277254939079285
Step: 454	 Data: torch.Size([10, 384])	 Training Loss: 1.0985379219055176
Step: 455	 Data: torch.Size([10, 384])	 Training Loss: 0.9769394993782043
Step: 456	 Data: torch.Size([10, 384])	 Training Loss: 0.8829113245010376
Step: 457	 Data: torch.Size([10, 384])	 Training Loss: 0.9557766914367676
Step: 458	 Data: torch.Size([10, 384])	 Training Loss: 0.9233235120773315
Step: 459	 Data: torch.Size([10, 384])	 Training Loss: 1.0377272367477417
Step: 460	 Data: torch.Size([10, 384])	 Training Loss: 0.922936201095581
Step: 461	 Data: torch.Size([10, 384])	 Training Loss: 0.9686968922615051
Step: 462	 Data: torch.Size([10, 384])	 Training Loss: 1.0788216590881348
Step: 463	 Data: torch.Size([10, 384])	 Training Loss: 0.8860313296318054
Step: 464	 Data: torch.Size([10, 306])	 Training Loss: 1.0575017929077148
Step: 465	 Data: torch.Size([10, 249])	 Training Loss: 0.9712124466896057
Step: 466	 Data: torch.Size([10, 384])	 Training Loss: 0.9498384594917297
Step: 467	 Data: torch.Size([10, 384])	 Training Loss: 0.9661222696304321
Step: 468	 Data: torch.Size([10, 384])	 Training Loss: 1.0560201406478882
Step: 469	 Data: torch.Size([10, 384])	 Training Loss: 0.9939402937889099
Step: 470	 Data: torch.Size([10, 384])	 Training Loss: 0.9998394250869751
Step: 471	 Data: torch.Size([10, 384])	 Training Loss: 0.887811541557312
Step: 472	 Data: torch.Size([10, 384])	 Training Loss: 0.8759838342666626
Step: 473	 Data: torch.Size([10, 384])	 Training Loss: 1.0722954273223877
Step: 474	 Data: torch.Size([10, 384])	 Training Loss: 1.0123711824417114
Step: 475	 Data: torch.Size([10, 384])	 Training Loss: 0.9409118294715881
Step: 476	 Data: torch.Size([10, 384])	 Training Loss: 1.1215040683746338
Step: 477	 Data: torch.Size([10, 384])	 Training Loss: 0.8403254747390747
Step: 478	 Data: torch.Size([10, 384])	 Training Loss: 0.9600654244422913
Step: 479	 Data: torch.Size([10, 384])	 Training Loss: 0.9694921374320984
Step: 480	 Data: torch.Size([10, 384])	 Training Loss: 0.9804462790489197
Step: 481	 Data: torch.Size([10, 384])	 Training Loss: 0.7902045249938965
Step: 482	 Data: torch.Size([10, 384])	 Training Loss: 1.0179091691970825
Step: 483	 Data: torch.Size([10, 384])	 Training Loss: 1.0344443321228027
Step: 484	 Data: torch.Size([10, 384])	 Training Loss: 0.8291613459587097
Step: 485	 Data: torch.Size([10, 384])	 Training Loss: 0.8397946357727051
Step: 486	 Data: torch.Size([10, 384])	 Training Loss: 0.9880717992782593
Step: 487	 Data: torch.Size([10, 384])	 Training Loss: 0.8100513815879822
Step: 488	 Data: torch.Size([10, 384])	 Training Loss: 0.9803529977798462
Step: 489	 Data: torch.Size([10, 384])	 Training Loss: 0.8946803212165833
Step: 490	 Data: torch.Size([10, 384])	 Training Loss: 0.8382607102394104
Step: 491	 Data: torch.Size([10, 384])	 Training Loss: 0.7667245864868164
Step: 492	 Data: torch.Size([10, 384])	 Training Loss: 0.8497611880302429
Step: 493	 Data: torch.Size([10, 384])	 Training Loss: 0.8958282470703125
Step: 494	 Data: torch.Size([10, 384])	 Training Loss: 0.8138383030891418
Step: 495	 Data: torch.Size([10, 384])	 Training Loss: 1.0584030151367188
Step: 496	 Data: torch.Size([10, 384])	 Training Loss: 0.9452795386314392
Step: 497	 Data: torch.Size([10, 384])	 Training Loss: 1.0223511457443237
Step: 498	 Data: torch.Size([10, 384])	 Training Loss: 1.0081826448440552
Step: 499	 Data: torch.Size([10, 384])	 Training Loss: 0.8993536233901978
Step: 500	 Data: torch.Size([10, 384])	 Training Loss: 0.8675644993782043
Step: 501	 Data: torch.Size([10, 384])	 Training Loss: 0.8675834536552429
Step: 502	 Data: torch.Size([10, 384])	 Training Loss: 0.9441908597946167
Step: 503	 Data: torch.Size([10, 384])	 Training Loss: 0.831032931804657
Step: 504	 Data: torch.Size([10, 384])	 Training Loss: 0.8564984202384949
Step: 505	 Data: torch.Size([10, 384])	 Training Loss: 1.0320277214050293
Step: 506	 Data: torch.Size([10, 384])	 Training Loss: 0.7969393730163574
Step: 507	 Data: torch.Size([10, 384])	 Training Loss: 0.8165724277496338
Step: 508	 Data: torch.Size([10, 384])	 Training Loss: 0.9535197019577026
Step: 509	 Data: torch.Size([10, 384])	 Training Loss: 0.8717721104621887
Step: 510	 Data: torch.Size([10, 384])	 Training Loss: 0.9632577896118164
Step: 511	 Data: torch.Size([10, 384])	 Training Loss: 0.7631309628486633
Step: 512	 Data: torch.Size([10, 384])	 Training Loss: 1.17236328125
Step: 513	 Data: torch.Size([10, 384])	 Training Loss: 1.1817947626113892
Step: 514	 Data: torch.Size([10, 384])	 Training Loss: 0.8714936375617981
Step: 515	 Data: torch.Size([10, 302])	 Training Loss: 0.8410501480102539
Step: 516	 Data: torch.Size([10, 384])	 Training Loss: 1.0627219676971436
Step: 517	 Data: torch.Size([10, 384])	 Training Loss: 0.9124254584312439
Step: 518	 Data: torch.Size([10, 384])	 Training Loss: 0.8941986560821533
Step: 519	 Data: torch.Size([10, 384])	 Training Loss: 1.0269919633865356
Step: 520	 Data: torch.Size([10, 384])	 Training Loss: 0.7851481437683105
Step: 521	 Data: torch.Size([10, 384])	 Training Loss: 0.9577648043632507
Step: 522	 Data: torch.Size([10, 384])	 Training Loss: 1.1100773811340332
Step: 523	 Data: torch.Size([10, 384])	 Training Loss: 0.9222367405891418
Step: 524	 Data: torch.Size([10, 384])	 Training Loss: 1.0007244348526
Step: 525	 Data: torch.Size([10, 384])	 Training Loss: 0.9690337777137756
Step: 526	 Data: torch.Size([10, 384])	 Training Loss: 0.9663535952568054
Step: 527	 Data: torch.Size([10, 384])	 Training Loss: 0.8368791341781616
Step: 528	 Data: torch.Size([10, 384])	 Training Loss: 0.8608707189559937
Step: 529	 Data: torch.Size([10, 384])	 Training Loss: 0.8953248858451843
Step: 530	 Data: torch.Size([10, 384])	 Training Loss: 0.9791626930236816
Step: 531	 Data: torch.Size([10, 384])	 Training Loss: 0.9965159893035889
Step: 532	 Data: torch.Size([10, 384])	 Training Loss: 0.8041473031044006
Step: 533	 Data: torch.Size([10, 384])	 Training Loss: 1.067402720451355
Step: 534	 Data: torch.Size([10, 384])	 Training Loss: 0.9556887149810791
Step: 535	 Data: torch.Size([10, 384])	 Training Loss: 0.8796754479408264
Step: 536	 Data: torch.Size([10, 384])	 Training Loss: 0.8921847343444824
Step: 537	 Data: torch.Size([10, 384])	 Training Loss: 0.9060515761375427
Step: 538	 Data: torch.Size([10, 384])	 Training Loss: 1.0270605087280273
Step: 539	 Data: torch.Size([10, 384])	 Training Loss: 0.7967308163642883
Step: 540	 Data: torch.Size([10, 384])	 Training Loss: 0.9409827589988708
Step: 541	 Data: torch.Size([10, 384])	 Training Loss: 0.9479734897613525
Step: 542	 Data: torch.Size([10, 384])	 Training Loss: 0.8758983612060547
Step: 543	 Data: torch.Size([10, 384])	 Training Loss: 0.8783700466156006
Step: 544	 Data: torch.Size([10, 384])	 Training Loss: 1.0142958164215088
Step: 545	 Data: torch.Size([10, 384])	 Training Loss: 0.8683910965919495
Step: 546	 Data: torch.Size([10, 384])	 Training Loss: 0.8657425045967102
Step: 547	 Data: torch.Size([10, 384])	 Training Loss: 0.8425712585449219
Step: 548	 Data: torch.Size([10, 384])	 Training Loss: 0.9505583643913269
Step: 549	 Data: torch.Size([10, 384])	 Training Loss: 0.9225839376449585
Step: 550	 Data: torch.Size([10, 384])	 Training Loss: 0.9751797914505005
Step: 551	 Data: torch.Size([10, 384])	 Training Loss: 0.9496102929115295
Step: 552	 Data: torch.Size([10, 384])	 Training Loss: 1.162460207939148
Step: 553	 Data: torch.Size([10, 384])	 Training Loss: 0.8472805619239807
Step: 554	 Data: torch.Size([10, 384])	 Training Loss: 0.8898459076881409
Step: 555	 Data: torch.Size([10, 384])	 Training Loss: 0.9044948220252991
Step: 556	 Data: torch.Size([10, 384])	 Training Loss: 0.9613417983055115
Step: 557	 Data: torch.Size([10, 384])	 Training Loss: 1.0481070280075073
Step: 558	 Data: torch.Size([10, 384])	 Training Loss: 0.9192144274711609
Step: 559	 Data: torch.Size([10, 384])	 Training Loss: 1.008956789970398
Step: 560	 Data: torch.Size([10, 384])	 Training Loss: 1.1357536315917969
Step: 561	 Data: torch.Size([10, 384])	 Training Loss: 0.916752278804779
Step: 562	 Data: torch.Size([10, 384])	 Training Loss: 0.9764767289161682
Step: 563	 Data: torch.Size([10, 384])	 Training Loss: 0.8749088048934937
Step: 564	 Data: torch.Size([10, 384])	 Training Loss: 1.076782464981079
Step: 565	 Data: torch.Size([10, 384])	 Training Loss: 0.8692642450332642
Step: 566	 Data: torch.Size([10, 384])	 Training Loss: 1.0637083053588867
Step: 567	 Data: torch.Size([10, 374])	 Training Loss: 0.7386375069618225
Step: 568	 Data: torch.Size([10, 384])	 Training Loss: 1.0395182371139526
Step: 569	 Data: torch.Size([10, 384])	 Training Loss: 1.002111554145813
Step: 570	 Data: torch.Size([10, 384])	 Training Loss: 0.8214678764343262
Step: 571	 Data: torch.Size([10, 384])	 Training Loss: 0.8842969536781311
Step: 572	 Data: torch.Size([10, 384])	 Training Loss: 0.7781471014022827
Step: 573	 Data: torch.Size([10, 384])	 Training Loss: 0.8360069394111633
Step: 574	 Data: torch.Size([10, 384])	 Training Loss: 0.7792243957519531
Step: 575	 Data: torch.Size([10, 384])	 Training Loss: 0.9693014025688171
Step: 576	 Data: torch.Size([10, 384])	 Training Loss: 0.8006500601768494
Step: 577	 Data: torch.Size([10, 384])	 Training Loss: 1.1174657344818115
Step: 578	 Data: torch.Size([10, 384])	 Training Loss: 0.8523604869842529
Step: 579	 Data: torch.Size([10, 384])	 Training Loss: 0.7355456352233887
Step: 580	 Data: torch.Size([10, 384])	 Training Loss: 1.0807451009750366
Step: 581	 Data: torch.Size([10, 384])	 Training Loss: 0.9886049628257751
Step: 582	 Data: torch.Size([10, 384])	 Training Loss: 0.8659383654594421
Step: 583	 Data: torch.Size([10, 359])	 Training Loss: 1.0287232398986816
Step: 584	 Data: torch.Size([10, 287])	 Training Loss: 1.0181488990783691
Step: 585	 Data: torch.Size([10, 384])	 Training Loss: 0.8418364524841309
Step: 586	 Data: torch.Size([10, 384])	 Training Loss: 0.7820233106613159
Step: 587	 Data: torch.Size([10, 384])	 Training Loss: 0.9441410899162292
Step: 588	 Data: torch.Size([10, 384])	 Training Loss: 0.8631811141967773
Step: 589	 Data: torch.Size([10, 384])	 Training Loss: 0.8831994533538818
Step: 590	 Data: torch.Size([10, 384])	 Training Loss: 0.8586542010307312
Step: 591	 Data: torch.Size([10, 384])	 Training Loss: 0.9515929222106934
Step: 592	 Data: torch.Size([10, 384])	 Training Loss: 0.7968772053718567
Step: 593	 Data: torch.Size([10, 384])	 Training Loss: 0.9704949855804443
Step: 594	 Data: torch.Size([10, 384])	 Training Loss: 0.8558235764503479
Step: 595	 Data: torch.Size([10, 384])	 Training Loss: 1.046202540397644
Step: 596	 Data: torch.Size([10, 384])	 Training Loss: 0.8828299045562744
Step: 597	 Data: torch.Size([10, 384])	 Training Loss: 0.8477157354354858
Step: 598	 Data: torch.Size([10, 384])	 Training Loss: 0.8684055209159851
Step: 599	 Data: torch.Size([10, 384])	 Training Loss: 0.9095793962478638
Step: 600	 Data: torch.Size([10, 384])	 Training Loss: 0.9581426382064819
